{"/Users/lukeaveil/claude_experiments/familybrief/src/app/api/briefing/generate/route.ts": {"path":"/Users/lukeaveil/claude_experiments/familybrief/src/app/api/briefing/generate/route.ts","statementMap":{"0":{"start":{"line":5,"column":22},"end":{"line":5,"column":27}},"1":{"start":{"line":1,"column":42},"end":{"line":1,"column":null}},"2":{"start":{"line":2,"column":47},"end":{"line":2,"column":null}},"3":{"start":{"line":3,"column":43},"end":{"line":3,"column":null}},"4":{"start":{"line":6,"column":17},"end":{"line":6,"column":null}},"5":{"start":{"line":7,"column":2},"end":{"line":9,"column":null}},"6":{"start":{"line":8,"column":4},"end":{"line":8,"column":null}},"7":{"start":{"line":11,"column":2},"end":{"line":27,"column":null}},"8":{"start":{"line":12,"column":19},"end":{"line":12,"column":null}},"9":{"start":{"line":13,"column":4},"end":{"line":22,"column":null}},"10":{"start":{"line":25,"column":6},"end":{"line":25,"column":null}},"11":{"start":{"line":26,"column":4},"end":{"line":26,"column":null}}},"fnMap":{"0":{"name":"POST","decl":{"start":{"line":5,"column":22},"end":{"line":5,"column":27}},"loc":{"start":{"line":5,"column":43},"end":{"line":28,"column":null}}}},"branchMap":{"0":{"loc":{"start":{"line":7,"column":2},"end":{"line":9,"column":null}},"type":"if","locations":[{"start":{"line":7,"column":2},"end":{"line":9,"column":null}},{"start":{},"end":{}}]},"1":{"loc":{"start":{"line":25,"column":6},"end":{"line":25,"column":null}},"type":"cond-expr","locations":[{"start":{"line":25,"column":31},"end":{"line":25,"column":44}},{"start":{"line":25,"column":47},"end":{"line":25,"column":null}}]}},"s":{"0":2,"1":1,"2":1,"3":1,"4":2,"5":2,"6":1,"7":1,"8":1,"9":1,"10":0,"11":0},"f":{"0":2},"b":{"0":[1,1],"1":[0,0]}}
,"/Users/lukeaveil/claude_experiments/familybrief/src/app/api/briefing/list/route.ts": {"path":"/Users/lukeaveil/claude_experiments/familybrief/src/app/api/briefing/list/route.ts","statementMap":{"0":{"start":{"line":6,"column":22},"end":{"line":6,"column":26}},"1":{"start":{"line":1,"column":42},"end":{"line":1,"column":null}},"2":{"start":{"line":2,"column":41},"end":{"line":2,"column":null}},"3":{"start":{"line":3,"column":43},"end":{"line":3,"column":null}},"4":{"start":{"line":4,"column":43},"end":{"line":4,"column":null}},"5":{"start":{"line":7,"column":17},"end":{"line":7,"column":null}},"6":{"start":{"line":8,"column":2},"end":{"line":10,"column":null}},"7":{"start":{"line":9,"column":4},"end":{"line":9,"column":null}},"8":{"start":{"line":12,"column":2},"end":{"line":19,"column":null}},"9":{"start":{"line":13,"column":18},"end":{"line":13,"column":null}},"10":{"start":{"line":14,"column":4},"end":{"line":14,"column":null}},"11":{"start":{"line":17,"column":6},"end":{"line":17,"column":null}},"12":{"start":{"line":18,"column":4},"end":{"line":18,"column":null}}},"fnMap":{"0":{"name":"GET","decl":{"start":{"line":6,"column":22},"end":{"line":6,"column":26}},"loc":{"start":{"line":6,"column":43},"end":{"line":20,"column":null}}}},"branchMap":{"0":{"loc":{"start":{"line":8,"column":2},"end":{"line":10,"column":null}},"type":"if","locations":[{"start":{"line":8,"column":2},"end":{"line":10,"column":null}},{"start":{},"end":{}}]},"1":{"loc":{"start":{"line":17,"column":6},"end":{"line":17,"column":null}},"type":"cond-expr","locations":[{"start":{"line":17,"column":31},"end":{"line":17,"column":44}},{"start":{"line":17,"column":47},"end":{"line":17,"column":null}}]}},"s":{"0":2,"1":1,"2":1,"3":1,"4":1,"5":2,"6":2,"7":1,"8":1,"9":1,"10":1,"11":0,"12":0},"f":{"0":2},"b":{"0":[1,1],"1":[0,0]}}
,"/Users/lukeaveil/claude_experiments/familybrief/src/app/api/observability/feedback/route.ts": {"path":"/Users/lukeaveil/claude_experiments/familybrief/src/app/api/observability/feedback/route.ts","statementMap":{"0":{"start":{"line":9,"column":22},"end":{"line":9,"column":27}},"1":{"start":{"line":1,"column":42},"end":{"line":1,"column":null}},"2":{"start":{"line":5,"column":7},"end":{"line":5,"column":null}},"3":{"start":{"line":6,"column":43},"end":{"line":6,"column":null}},"4":{"start":{"line":7,"column":43},"end":{"line":7,"column":null}},"5":{"start":{"line":10,"column":17},"end":{"line":10,"column":null}},"6":{"start":{"line":11,"column":2},"end":{"line":13,"column":null}},"7":{"start":{"line":12,"column":4},"end":{"line":12,"column":null}},"8":{"start":{"line":16,"column":2},"end":{"line":20,"column":null}},"9":{"start":{"line":17,"column":4},"end":{"line":17,"column":null}},"10":{"start":{"line":19,"column":4},"end":{"line":19,"column":null}},"11":{"start":{"line":22,"column":21},"end":{"line":22,"column":36}},"12":{"start":{"line":23,"column":20},"end":{"line":23,"column":34}},"13":{"start":{"line":24,"column":2},"end":{"line":26,"column":null}},"14":{"start":{"line":25,"column":4},"end":{"line":25,"column":null}},"15":{"start":{"line":27,"column":2},"end":{"line":32,"column":null}},"16":{"start":{"line":28,"column":4},"end":{"line":30,"column":null}},"17":{"start":{"line":34,"column":2},"end":{"line":46,"column":null}},"18":{"start":{"line":35,"column":4},"end":{"line":37,"column":null}},"19":{"start":{"line":38,"column":4},"end":{"line":38,"column":null}},"20":{"start":{"line":40,"column":4},"end":{"line":42,"column":null}},"21":{"start":{"line":41,"column":6},"end":{"line":41,"column":null}},"22":{"start":{"line":44,"column":6},"end":{"line":44,"column":null}},"23":{"start":{"line":45,"column":4},"end":{"line":45,"column":null}}},"fnMap":{"0":{"name":"POST","decl":{"start":{"line":9,"column":22},"end":{"line":9,"column":27}},"loc":{"start":{"line":9,"column":43},"end":{"line":47,"column":null}}}},"branchMap":{"0":{"loc":{"start":{"line":11,"column":2},"end":{"line":13,"column":null}},"type":"if","locations":[{"start":{"line":11,"column":2},"end":{"line":13,"column":null}},{"start":{},"end":{}}]},"1":{"loc":{"start":{"line":24,"column":2},"end":{"line":26,"column":null}},"type":"if","locations":[{"start":{"line":24,"column":2},"end":{"line":26,"column":null}},{"start":{},"end":{}}]},"2":{"loc":{"start":{"line":24,"column":6},"end":{"line":24,"column":53}},"type":"binary-expr","locations":[{"start":{"line":24,"column":6},"end":{"line":24,"column":21}},{"start":{"line":24,"column":21},"end":{"line":24,"column":53}}]},"3":{"loc":{"start":{"line":27,"column":2},"end":{"line":32,"column":null}},"type":"if","locations":[{"start":{"line":27,"column":2},"end":{"line":32,"column":null}},{"start":{},"end":{}}]},"4":{"loc":{"start":{"line":27,"column":6},"end":{"line":27,"column":50}},"type":"binary-expr","locations":[{"start":{"line":27,"column":6},"end":{"line":27,"column":28}},{"start":{"line":27,"column":28},"end":{"line":27,"column":50}}]},"5":{"loc":{"start":{"line":40,"column":4},"end":{"line":42,"column":null}},"type":"if","locations":[{"start":{"line":40,"column":4},"end":{"line":42,"column":null}},{"start":{},"end":{}}]},"6":{"loc":{"start":{"line":44,"column":6},"end":{"line":44,"column":null}},"type":"cond-expr","locations":[{"start":{"line":44,"column":27},"end":{"line":44,"column":36}},{"start":{"line":44,"column":39},"end":{"line":44,"column":null}}]}},"s":{"0":3,"1":1,"2":1,"3":1,"4":1,"5":3,"6":3,"7":1,"8":2,"9":2,"10":0,"11":2,"12":2,"13":2,"14":0,"15":2,"16":1,"17":1,"18":1,"19":1,"20":0,"21":0,"22":0,"23":0},"f":{"0":3},"b":{"0":[1,2],"1":[0,2],"2":[2,2],"3":[1,1],"4":[2,1],"5":[0,0],"6":[0,0]}}
,"/Users/lukeaveil/claude_experiments/familybrief/src/application/briefing/briefingUseCases.ts": {"path":"/Users/lukeaveil/claude_experiments/familybrief/src/application/briefing/briefingUseCases.ts","statementMap":{"0":{"start":{"line":123,"column":13},"end":{"line":123,"column":34}},"1":{"start":{"line":43,"column":22},"end":{"line":43,"column":49}},"2":{"start":{"line":107,"column":22},"end":{"line":107,"column":46}},"3":{"start":{"line":130,"column":22},"end":{"line":130,"column":44}},"4":{"start":{"line":7,"column":39},"end":{"line":7,"column":null}},"5":{"start":{"line":13,"column":7},"end":{"line":13,"column":null}},"6":{"start":{"line":14,"column":31},"end":{"line":14,"column":null}},"7":{"start":{"line":25,"column":47},"end":{"line":26,"column":null}},"8":{"start":{"line":26,"column":2},"end":{"line":26,"column":null}},"9":{"start":{"line":29,"column":2},"end":{"line":36,"column":null}},"10":{"start":{"line":29,"column":28},"end":{"line":36,"column":null}},"11":{"start":{"line":55,"column":18},"end":{"line":55,"column":null}},"12":{"start":{"line":56,"column":2},"end":{"line":58,"column":null}},"13":{"start":{"line":57,"column":4},"end":{"line":57,"column":null}},"14":{"start":{"line":60,"column":2},"end":{"line":60,"column":null}},"15":{"start":{"line":62,"column":16},"end":{"line":62,"column":null}},"16":{"start":{"line":63,"column":20},"end":{"line":63,"column":null}},"17":{"start":{"line":64,"column":18},"end":{"line":64,"column":null}},"18":{"start":{"line":66,"column":17},"end":{"line":66,"column":null}},"19":{"start":{"line":67,"column":20},"end":{"line":67,"column":null}},"20":{"start":{"line":69,"column":22},"end":{"line":69,"column":null}},"21":{"start":{"line":70,"column":18},"end":{"line":74,"column":null}},"22":{"start":{"line":76,"column":17},"end":{"line":76,"column":null}},"23":{"start":{"line":77,"column":16},"end":{"line":82,"column":null}},"24":{"start":{"line":84,"column":17},"end":{"line":84,"column":null}},"25":{"start":{"line":85,"column":22},"end":{"line":92,"column":null}},"26":{"start":{"line":94,"column":20},"end":{"line":94,"column":null}},"27":{"start":{"line":96,"column":2},"end":{"line":104,"column":null}},"28":{"start":{"line":111,"column":15},"end":{"line":111,"column":null}},"29":{"start":{"line":112,"column":2},"end":{"line":118,"column":null}},"30":{"start":{"line":112,"column":26},"end":{"line":118,"column":null}},"31":{"start":{"line":125,"column":4},"end":{"line":125,"column":null}},"32":{"start":{"line":126,"column":4},"end":{"line":126,"column":null}},"33":{"start":{"line":136,"column":14},"end":{"line":136,"column":null}},"34":{"start":{"line":137,"column":2},"end":{"line":139,"column":null}},"35":{"start":{"line":138,"column":4},"end":{"line":138,"column":null}},"36":{"start":{"line":140,"column":2},"end":{"line":144,"column":null}}},"fnMap":{"0":{"name":"(anonymous_5)","decl":{"start":{"line":25,"column":47},"end":{"line":25,"column":54}},"loc":{"start":{"line":26,"column":2},"end":{"line":26,"column":null}}},"1":{"name":"mapEventsForGenerator","decl":{"start":{"line":28,"column":9},"end":{"line":28,"column":31}},"loc":{"start":{"line":28,"column":46},"end":{"line":37,"column":null}}},"2":{"name":"(anonymous_7)","decl":{"start":{"line":29,"column":20},"end":{"line":29,"column":21}},"loc":{"start":{"line":29,"column":28},"end":{"line":36,"column":null}}},"3":{"name":"generateBriefingForUserWeek","decl":{"start":{"line":43,"column":22},"end":{"line":43,"column":49}},"loc":{"start":{"line":45,"column":28},"end":{"line":105,"column":null}}},"4":{"name":"listBriefingItemsForUser","decl":{"start":{"line":107,"column":22},"end":{"line":107,"column":46}},"loc":{"start":{"line":109,"column":26},"end":{"line":119,"column":null}}},"5":{"name":"(anonymous_10)","decl":{"start":{"line":112,"column":18},"end":{"line":112,"column":19}},"loc":{"start":{"line":112,"column":26},"end":{"line":118,"column":null}}},"6":{"name":"(anonymous_11)","decl":{"start":{"line":124,"column":2},"end":{"line":124,"column":16}},"loc":{"start":{"line":124,"column":16},"end":{"line":127,"column":null}}},"7":{"name":"recordBriefingFeedback","decl":{"start":{"line":130,"column":22},"end":{"line":130,"column":44}},"loc":{"start":{"line":134,"column":20},"end":{"line":145,"column":null}}}},"branchMap":{"0":{"loc":{"start":{"line":33,"column":18},"end":{"line":33,"column":null}},"type":"binary-expr","locations":[{"start":{"line":33,"column":18},"end":{"line":33,"column":42}},{"start":{"line":33,"column":42},"end":{"line":33,"column":null}}]},"1":{"loc":{"start":{"line":56,"column":2},"end":{"line":58,"column":null}},"type":"if","locations":[{"start":{"line":56,"column":2},"end":{"line":58,"column":null}},{"start":{},"end":{}}]},"2":{"loc":{"start":{"line":69,"column":22},"end":{"line":69,"column":null}},"type":"binary-expr","locations":[{"start":{"line":69,"column":22},"end":{"line":69,"column":35}},{"start":{"line":69,"column":39},"end":{"line":69,"column":null}}]},"3":{"loc":{"start":{"line":94,"column":20},"end":{"line":94,"column":null}},"type":"binary-expr","locations":[{"start":{"line":94,"column":20},"end":{"line":94,"column":32}},{"start":{"line":94,"column":36},"end":{"line":94,"column":null}}]},"4":{"loc":{"start":{"line":116,"column":12},"end":{"line":116,"column":null}},"type":"binary-expr","locations":[{"start":{"line":116,"column":12},"end":{"line":116,"column":20}},{"start":{"line":116,"column":24},"end":{"line":116,"column":null}}]},"5":{"loc":{"start":{"line":137,"column":2},"end":{"line":139,"column":null}},"type":"if","locations":[{"start":{"line":137,"column":2},"end":{"line":139,"column":null}},{"start":{},"end":{}}]}},"s":{"0":2,"1":3,"2":2,"3":3,"4":2,"5":2,"6":2,"7":2,"8":0,"9":2,"10":0,"11":2,"12":2,"13":0,"14":2,"15":2,"16":2,"17":2,"18":2,"19":2,"20":2,"21":2,"22":2,"23":2,"24":2,"25":2,"26":2,"27":2,"28":1,"29":1,"30":1,"31":1,"32":1,"33":2,"34":2,"35":1,"36":1},"f":{"0":0,"1":2,"2":0,"3":2,"4":1,"5":1,"6":1,"7":2},"b":{"0":[0,0],"1":[0,2],"2":[2,0],"3":[2,0],"4":[1,1],"5":[1,1]}}
,"/Users/lukeaveil/claude_experiments/familybrief/src/application/events/eventModule.ts": {"path":"/Users/lukeaveil/claude_experiments/familybrief/src/application/events/eventModule.ts","statementMap":{"0":{"start":{"line":25,"column":16},"end":{"line":25,"column":43}},"1":{"start":{"line":36,"column":16},"end":{"line":36,"column":37}},"2":{"start":{"line":18,"column":16},"end":{"line":18,"column":34}},"3":{"start":{"line":11,"column":16},"end":{"line":11,"column":35}},"4":{"start":{"line":6,"column":7},"end":{"line":6,"column":null}},"5":{"start":{"line":7,"column":40},"end":{"line":7,"column":null}},"6":{"start":{"line":15,"column":2},"end":{"line":15,"column":null}},"7":{"start":{"line":22,"column":2},"end":{"line":22,"column":null}},"8":{"start":{"line":29,"column":2},"end":{"line":32,"column":null}},"9":{"start":{"line":40,"column":2},"end":{"line":40,"column":null}}},"fnMap":{"0":{"name":"runGetEventsForUser","decl":{"start":{"line":11,"column":16},"end":{"line":11,"column":35}},"loc":{"start":{"line":13,"column":56},"end":{"line":16,"column":null}}},"1":{"name":"runGetEventForUser","decl":{"start":{"line":18,"column":16},"end":{"line":18,"column":34}},"loc":{"start":{"line":20,"column":12},"end":{"line":23,"column":null}}},"2":{"name":"runCreateManualEventForUser","decl":{"start":{"line":25,"column":16},"end":{"line":25,"column":43}},"loc":{"start":{"line":27,"column":33},"end":{"line":34,"column":null}}},"3":{"name":"runDeleteEventForUser","decl":{"start":{"line":36,"column":16},"end":{"line":36,"column":37}},"loc":{"start":{"line":38,"column":12},"end":{"line":41,"column":null}}}},"branchMap":{},"s":{"0":0,"1":0,"2":0,"3":0,"4":1,"5":1,"6":0,"7":0,"8":0,"9":0},"f":{"0":0,"1":0,"2":0,"3":0},"b":{}}
,"/Users/lukeaveil/claude_experiments/familybrief/src/application/events/eventUseCases.ts": {"path":"/Users/lukeaveil/claude_experiments/familybrief/src/application/events/eventUseCases.ts","statementMap":{"0":{"start":{"line":24,"column":22},"end":{"line":24,"column":46}},"1":{"start":{"line":32,"column":22},"end":{"line":32,"column":40}},"2":{"start":{"line":16,"column":22},"end":{"line":16,"column":37}},"3":{"start":{"line":8,"column":22},"end":{"line":8,"column":38}},"4":{"start":{"line":13,"column":2},"end":{"line":13,"column":null}},"5":{"start":{"line":21,"column":2},"end":{"line":21,"column":null}},"6":{"start":{"line":29,"column":2},"end":{"line":29,"column":null}},"7":{"start":{"line":37,"column":2},"end":{"line":37,"column":null}}},"fnMap":{"0":{"name":"getEventsForUser","decl":{"start":{"line":8,"column":22},"end":{"line":8,"column":38}},"loc":{"start":{"line":11,"column":23},"end":{"line":14,"column":null}}},"1":{"name":"getEventForUser","decl":{"start":{"line":16,"column":22},"end":{"line":16,"column":37}},"loc":{"start":{"line":19,"column":23},"end":{"line":22,"column":null}}},"2":{"name":"createManualEventForUser","decl":{"start":{"line":24,"column":22},"end":{"line":24,"column":46}},"loc":{"start":{"line":27,"column":23},"end":{"line":30,"column":null}}},"3":{"name":"deleteEventForUser","decl":{"start":{"line":32,"column":22},"end":{"line":32,"column":40}},"loc":{"start":{"line":35,"column":23},"end":{"line":38,"column":null}}}},"branchMap":{},"s":{"0":0,"1":0,"2":0,"3":0,"4":0,"5":0,"6":0,"7":0},"f":{"0":0,"1":0,"2":0,"3":0},"b":{}}
,"/Users/lukeaveil/claude_experiments/familybrief/src/components/calendar/AddEventModal.tsx": {"path":"/Users/lukeaveil/claude_experiments/familybrief/src/components/calendar/AddEventModal.tsx","statementMap":{"0":{"start":{"line":13,"column":24},"end":{"line":13,"column":38}},"1":{"start":{"line":3,"column":25},"end":{"line":3,"column":null}},"2":{"start":{"line":14,"column":26},"end":{"line":22,"column":null}},"3":{"start":{"line":23,"column":30},"end":{"line":23,"column":null}},"4":{"start":{"line":25,"column":23},"end":{"line":32,"column":null}},"5":{"start":{"line":26,"column":4},"end":{"line":26,"column":null}},"6":{"start":{"line":27,"column":4},"end":{"line":27,"column":null}},"7":{"start":{"line":27,"column":21},"end":{"line":27,"column":null}},"8":{"start":{"line":28,"column":4},"end":{"line":28,"column":null}},"9":{"start":{"line":29,"column":4},"end":{"line":29,"column":null}},"10":{"start":{"line":30,"column":4},"end":{"line":30,"column":null}},"11":{"start":{"line":31,"column":4},"end":{"line":31,"column":null}},"12":{"start":{"line":36,"column":49},"end":{"line":36,"column":null}},"13":{"start":{"line":49,"column":31},"end":{"line":49,"column":null}},"14":{"start":{"line":58,"column":33},"end":{"line":58,"column":null}},"15":{"start":{"line":63,"column":33},"end":{"line":63,"column":null}},"16":{"start":{"line":69,"column":31},"end":{"line":69,"column":null}},"17":{"start":{"line":75,"column":85},"end":{"line":75,"column":133}},"18":{"start":{"line":85,"column":89},"end":{"line":85,"column":143}},"19":{"start":{"line":88,"column":18},"end":{"line":88,"column":37}},"20":{"start":{"line":96,"column":31},"end":{"line":96,"column":null}}},"fnMap":{"0":{"name":"AddEventModal","decl":{"start":{"line":13,"column":24},"end":{"line":13,"column":38}},"loc":{"start":{"line":13,"column":86},"end":{"line":109,"column":null}}},"1":{"name":"(anonymous_2)","decl":{"start":{"line":25,"column":23},"end":{"line":25,"column":30}},"loc":{"start":{"line":25,"column":30},"end":{"line":32,"column":null}}},"2":{"name":"(anonymous_3)","decl":{"start":{"line":36,"column":42},"end":{"line":36,"column":43}},"loc":{"start":{"line":36,"column":49},"end":{"line":36,"column":null}}},"3":{"name":"(anonymous_4)","decl":{"start":{"line":49,"column":24},"end":{"line":49,"column":25}},"loc":{"start":{"line":49,"column":31},"end":{"line":49,"column":null}}},"4":{"name":"(anonymous_5)","decl":{"start":{"line":58,"column":26},"end":{"line":58,"column":27}},"loc":{"start":{"line":58,"column":33},"end":{"line":58,"column":null}}},"5":{"name":"(anonymous_6)","decl":{"start":{"line":63,"column":26},"end":{"line":63,"column":27}},"loc":{"start":{"line":63,"column":33},"end":{"line":63,"column":null}}},"6":{"name":"(anonymous_7)","decl":{"start":{"line":69,"column":24},"end":{"line":69,"column":25}},"loc":{"start":{"line":69,"column":31},"end":{"line":69,"column":null}}},"7":{"name":"(anonymous_8)","decl":{"start":{"line":75,"column":78},"end":{"line":75,"column":79}},"loc":{"start":{"line":75,"column":85},"end":{"line":75,"column":133}}},"8":{"name":"(anonymous_9)","decl":{"start":{"line":85,"column":82},"end":{"line":85,"column":83}},"loc":{"start":{"line":85,"column":89},"end":{"line":85,"column":143}}},"9":{"name":"(anonymous_10)","decl":{"start":{"line":87,"column":29},"end":{"line":87,"column":30}},"loc":{"start":{"line":88,"column":18},"end":{"line":88,"column":37}}},"10":{"name":"(anonymous_11)","decl":{"start":{"line":96,"column":24},"end":{"line":96,"column":25}},"loc":{"start":{"line":96,"column":31},"end":{"line":96,"column":null}}}},"branchMap":{"0":{"loc":{"start":{"line":27,"column":4},"end":{"line":27,"column":null}},"type":"if","locations":[{"start":{"line":27,"column":4},"end":{"line":27,"column":null}},{"start":{},"end":{}}]},"1":{"loc":{"start":{"line":102,"column":15},"end":{"line":102,"column":null}},"type":"cond-expr","locations":[{"start":{"line":102,"column":24},"end":{"line":102,"column":38}},{"start":{"line":102,"column":38},"end":{"line":102,"column":null}}]}},"s":{"0":4,"1":1,"2":17,"3":17,"4":17,"5":1,"6":1,"7":0,"8":1,"9":1,"10":1,"11":1,"12":4,"13":11,"14":0,"15":0,"16":0,"17":0,"18":0,"19":17,"20":0},"f":{"0":17,"1":1,"2":4,"3":11,"4":0,"5":0,"6":0,"7":0,"8":0,"9":17,"10":0},"b":{"0":[0,1],"1":[1,16]}}
,"/Users/lukeaveil/claude_experiments/familybrief/src/components/calendar/CalendarGrid.tsx": {"path":"/Users/lukeaveil/claude_experiments/familybrief/src/components/calendar/CalendarGrid.tsx","statementMap":{"0":{"start":{"line":16,"column":24},"end":{"line":16,"column":37}},"1":{"start":{"line":13,"column":20},"end":{"line":13,"column":null}},"2":{"start":{"line":14,"column":18},"end":{"line":14,"column":null}},"3":{"start":{"line":17,"column":16},"end":{"line":17,"column":null}},"4":{"start":{"line":18,"column":15},"end":{"line":18,"column":null}},"5":{"start":{"line":19,"column":16},"end":{"line":19,"column":null}},"6":{"start":{"line":21,"column":19},"end":{"line":21,"column":null}},"7":{"start":{"line":22,"column":22},"end":{"line":22,"column":null}},"8":{"start":{"line":23,"column":16},"end":{"line":24,"column":null}},"9":{"start":{"line":24,"column":4},"end":{"line":24,"column":null}},"10":{"start":{"line":27,"column":26},"end":{"line":30,"column":null}},"11":{"start":{"line":28,"column":20},"end":{"line":28,"column":99}},"12":{"start":{"line":29,"column":4},"end":{"line":29,"column":null}},"13":{"start":{"line":29,"column":32},"end":{"line":29,"column":null}},"14":{"start":{"line":32,"column":26},"end":{"line":32,"column":66}},"15":{"start":{"line":45,"column":10},"end":{"line":45,"column":23}},"16":{"start":{"line":48,"column":10},"end":{"line":48,"column":51}},"17":{"start":{"line":48,"column":20},"end":{"line":48,"column":51}},"18":{"start":{"line":49,"column":26},"end":{"line":49,"column":105}},"19":{"start":{"line":50,"column":26},"end":{"line":50,"column":71}},"20":{"start":{"line":51,"column":29},"end":{"line":51,"column":null}},"21":{"start":{"line":52,"column":28},"end":{"line":52,"column":null}},"22":{"start":{"line":53,"column":28},"end":{"line":53,"column":158}},"23":{"start":{"line":55,"column":10},"end":{"line":57,"column":null}},"24":{"start":{"line":63,"column":29},"end":{"line":63,"column":null}},"25":{"start":{"line":68,"column":18},"end":{"line":69,"column":null}}},"fnMap":{"0":{"name":"CalendarGrid","decl":{"start":{"line":16,"column":24},"end":{"line":16,"column":37}},"loc":{"start":{"line":16,"column":100},"end":{"line":83,"column":null}}},"1":{"name":"(anonymous_2)","decl":{"start":{"line":23,"column":63},"end":{"line":23,"column":64}},"loc":{"start":{"line":24,"column":4},"end":{"line":24,"column":null}}},"2":{"name":"(anonymous_3)","decl":{"start":{"line":27,"column":26},"end":{"line":27,"column":27}},"loc":{"start":{"line":27,"column":27},"end":{"line":30,"column":null}}},"3":{"name":"(anonymous_4)","decl":{"start":{"line":29,"column":25},"end":{"line":29,"column":26}},"loc":{"start":{"line":29,"column":32},"end":{"line":29,"column":null}}},"4":{"name":"(anonymous_5)","decl":{"start":{"line":44,"column":23},"end":{"line":44,"column":24}},"loc":{"start":{"line":45,"column":10},"end":{"line":45,"column":23}}},"5":{"name":"(anonymous_6)","decl":{"start":{"line":47,"column":19},"end":{"line":47,"column":20}},"loc":{"start":{"line":47,"column":25},"end":{"line":79,"column":null}}},"6":{"name":"(anonymous_7)","decl":{"start":{"line":63,"column":23},"end":{"line":63,"column":29}},"loc":{"start":{"line":63,"column":29},"end":{"line":63,"column":null}}},"7":{"name":"(anonymous_8)","decl":{"start":{"line":67,"column":43},"end":{"line":67,"column":44}},"loc":{"start":{"line":68,"column":18},"end":{"line":69,"column":null}}}},"branchMap":{"0":{"loc":{"start":{"line":24,"column":4},"end":{"line":24,"column":null}},"type":"cond-expr","locations":[{"start":{"line":24,"column":19},"end":{"line":24,"column":26}},{"start":{"line":24,"column":26},"end":{"line":24,"column":null}}]},"1":{"loc":{"start":{"line":48,"column":10},"end":{"line":48,"column":51}},"type":"if","locations":[{"start":{"line":48,"column":10},"end":{"line":48,"column":51}},{"start":{},"end":{}}]},"2":{"loc":{"start":{"line":53,"column":67},"end":{"line":53,"column":157}},"type":"cond-expr","locations":[{"start":{"line":53,"column":86},"end":{"line":53,"column":151}},{"start":{"line":53,"column":154},"end":{"line":53,"column":157}}]},"3":{"loc":{"start":{"line":53,"column":116},"end":{"line":53,"column":150}},"type":"cond-expr","locations":[{"start":{"line":53,"column":141},"end":{"line":53,"column":147}},{"start":{"line":53,"column":147},"end":{"line":53,"column":150}}]},"4":{"loc":{"start":{"line":59,"column":37},"end":{"line":59,"column":63}},"type":"cond-expr","locations":[{"start":{"line":59,"column":47},"end":{"line":59,"column":60}},{"start":{"line":59,"column":60},"end":{"line":59,"column":63}}]},"5":{"loc":{"start":{"line":59,"column":66},"end":{"line":59,"column":98}},"type":"cond-expr","locations":[{"start":{"line":59,"column":79},"end":{"line":59,"column":95}},{"start":{"line":59,"column":95},"end":{"line":59,"column":98}}]},"6":{"loc":{"start":{"line":71,"column":41},"end":{"line":71,"column":76}},"type":"binary-expr","locations":[{"start":{"line":71,"column":41},"end":{"line":71,"column":66}},{"start":{"line":71,"column":66},"end":{"line":71,"column":76}}]},"7":{"loc":{"start":{"line":75,"column":17},"end":{"line":75,"column":41}},"type":"binary-expr","locations":[{"start":{"line":75,"column":17},"end":{"line":75,"column":41}}]}},"s":{"0":4,"1":1,"2":1,"3":4,"4":4,"5":4,"6":4,"7":4,"8":4,"9":124,"10":4,"11":124,"12":124,"13":31,"14":4,"15":28,"16":124,"17":0,"18":124,"19":124,"20":124,"21":124,"22":124,"23":124,"24":1,"25":1},"f":{"0":4,"1":124,"2":124,"3":31,"4":28,"5":124,"6":1,"7":1},"b":{"0":[0,124],"1":[0,124],"2":[1,123],"3":[0,1],"4":[4,120],"5":[4,120],"6":[1,0],"7":[124]}}
,"/Users/lukeaveil/claude_experiments/familybrief/src/components/calendar/EventSidebar.tsx": {"path":"/Users/lukeaveil/claude_experiments/familybrief/src/components/calendar/EventSidebar.tsx","statementMap":{"0":{"start":{"line":17,"column":24},"end":{"line":17,"column":37}},"1":{"start":{"line":13,"column":47},"end":{"line":15,"column":null}},"2":{"start":{"line":18,"column":20},"end":{"line":18,"column":null}},"3":{"start":{"line":36,"column":27},"end":{"line":36,"column":null}},"4":{"start":{"line":36,"column":47},"end":{"line":36,"column":76}},"5":{"start":{"line":37,"column":12},"end":{"line":38,"column":33}},"6":{"start":{"line":42,"column":80},"end":{"line":42,"column":100}}},"fnMap":{"0":{"name":"EventSidebar","decl":{"start":{"line":17,"column":24},"end":{"line":17,"column":37}},"loc":{"start":{"line":17,"column":86},"end":{"line":62,"column":null}}},"1":{"name":"(anonymous_2)","decl":{"start":{"line":35,"column":22},"end":{"line":35,"column":23}},"loc":{"start":{"line":35,"column":23},"end":{"line":57,"column":null}}},"2":{"name":"(anonymous_3)","decl":{"start":{"line":36,"column":40},"end":{"line":36,"column":41}},"loc":{"start":{"line":36,"column":47},"end":{"line":36,"column":76}}},"3":{"name":"(anonymous_4)","decl":{"start":{"line":42,"column":74},"end":{"line":42,"column":80}},"loc":{"start":{"line":42,"column":80},"end":{"line":42,"column":100}}}},"branchMap":{"0":{"loc":{"start":{"line":28,"column":8},"end":{"line":34,"column":9}},"type":"cond-expr","locations":[{"start":{"line":28,"column":8},"end":{"line":34,"column":9}}]},"1":{"loc":{"start":{"line":38,"column":82},"end":{"line":38,"column":109}},"type":"binary-expr","locations":[{"start":{"line":38,"column":82},"end":{"line":38,"column":99}},{"start":{"line":38,"column":99},"end":{"line":38,"column":109}}]},"2":{"loc":{"start":{"line":40,"column":64},"end":{"line":40,"column":null}},"type":"binary-expr","locations":[{"start":{"line":40,"column":64},"end":{"line":40,"column":94}},{"start":{"line":40,"column":98},"end":{"line":40,"column":null}}]},"3":{"loc":{"start":{"line":45,"column":19},"end":{"line":45,"column":29}},"type":"binary-expr","locations":[{"start":{"line":45,"column":19},"end":{"line":45,"column":29}}]},"4":{"loc":{"start":{"line":46,"column":19},"end":{"line":46,"column":33}},"type":"binary-expr","locations":[{"start":{"line":46,"column":19},"end":{"line":46,"column":33}}]},"5":{"loc":{"start":{"line":47,"column":19},"end":{"line":47,"column":null}},"type":"binary-expr","locations":[{"start":{"line":47,"column":19},"end":{"line":47,"column":null}}]},"6":{"loc":{"start":{"line":52,"column":19},"end":{"line":52,"column":47}},"type":"binary-expr","locations":[{"start":{"line":52,"column":19},"end":{"line":52,"column":47}}]},"7":{"loc":{"start":{"line":54,"column":17},"end":{"line":54,"column":34}},"type":"binary-expr","locations":[{"start":{"line":54,"column":17},"end":{"line":54,"column":34}}]}},"s":{"0":5,"1":1,"2":5,"3":2,"4":2,"5":2,"6":1},"f":{"0":5,"1":2,"2":2,"3":1},"b":{"0":[3],"1":[2,0],"2":[2,0],"3":[2],"4":[2],"5":[2],"6":[2],"7":[2]}}
,"/Users/lukeaveil/claude_experiments/familybrief/src/components/calendar/WeekStrip.tsx": {"path":"/Users/lukeaveil/claude_experiments/familybrief/src/components/calendar/WeekStrip.tsx","statementMap":{"0":{"start":{"line":11,"column":24},"end":{"line":11,"column":34}},"1":{"start":{"line":12,"column":16},"end":{"line":12,"column":null}},"2":{"start":{"line":13,"column":15},"end":{"line":17,"column":null}},"3":{"start":{"line":14,"column":14},"end":{"line":14,"column":null}},"4":{"start":{"line":15,"column":4},"end":{"line":15,"column":null}},"5":{"start":{"line":16,"column":4},"end":{"line":16,"column":null}},"6":{"start":{"line":19,"column":21},"end":{"line":19,"column":null}},"7":{"start":{"line":28,"column":24},"end":{"line":28,"column":55}},"8":{"start":{"line":29,"column":24},"end":{"line":29,"column":69}},"9":{"start":{"line":30,"column":27},"end":{"line":30,"column":79}},"10":{"start":{"line":31,"column":26},"end":{"line":31,"column":null}},"11":{"start":{"line":31,"column":47},"end":{"line":31,"column":null}},"12":{"start":{"line":32,"column":25},"end":{"line":32,"column":120}},"13":{"start":{"line":34,"column":8},"end":{"line":36,"column":null}},"14":{"start":{"line":41,"column":27},"end":{"line":41,"column":null}}},"fnMap":{"0":{"name":"WeekStrip","decl":{"start":{"line":11,"column":24},"end":{"line":11,"column":34}},"loc":{"start":{"line":11,"column":79},"end":{"line":53,"column":null}}},"1":{"name":"(anonymous_2)","decl":{"start":{"line":13,"column":41},"end":{"line":13,"column":42}},"loc":{"start":{"line":13,"column":45},"end":{"line":17,"column":null}}},"2":{"name":"(anonymous_3)","decl":{"start":{"line":27,"column":16},"end":{"line":27,"column":17}},"loc":{"start":{"line":27,"column":22},"end":{"line":50,"column":null}}},"3":{"name":"(anonymous_4)","decl":{"start":{"line":31,"column":40},"end":{"line":31,"column":41}},"loc":{"start":{"line":31,"column":47},"end":{"line":31,"column":null}}},"4":{"name":"(anonymous_5)","decl":{"start":{"line":41,"column":21},"end":{"line":41,"column":27}},"loc":{"start":{"line":41,"column":27},"end":{"line":41,"column":null}}}},"branchMap":{"0":{"loc":{"start":{"line":32,"column":61},"end":{"line":32,"column":92}},"type":"cond-expr","locations":[{"start":{"line":32,"column":74},"end":{"line":32,"column":89}},{"start":{"line":32,"column":89},"end":{"line":32,"column":92}}]},"1":{"loc":{"start":{"line":32,"column":94},"end":{"line":32,"column":119}},"type":"cond-expr","locations":[{"start":{"line":32,"column":104},"end":{"line":32,"column":116}},{"start":{"line":32,"column":116},"end":{"line":32,"column":119}}]},"2":{"loc":{"start":{"line":38,"column":35},"end":{"line":38,"column":58}},"type":"cond-expr","locations":[{"start":{"line":38,"column":45},"end":{"line":38,"column":55}},{"start":{"line":38,"column":55},"end":{"line":38,"column":58}}]},"3":{"loc":{"start":{"line":38,"column":61},"end":{"line":38,"column":90}},"type":"cond-expr","locations":[{"start":{"line":38,"column":74},"end":{"line":38,"column":87}},{"start":{"line":38,"column":87},"end":{"line":38,"column":90}}]},"4":{"loc":{"start":{"line":45,"column":13},"end":{"line":45,"column":null}},"type":"binary-expr","locations":[{"start":{"line":45,"column":13},"end":{"line":45,"column":null}}]},"5":{"loc":{"start":{"line":46,"column":60},"end":{"line":46,"column":106}},"type":"binary-expr","locations":[{"start":{"line":46,"column":60},"end":{"line":46,"column":96}},{"start":{"line":46,"column":96},"end":{"line":46,"column":106}}]}},"s":{"0":1,"1":1,"2":1,"3":7,"4":7,"5":7,"6":1,"7":7,"8":7,"9":7,"10":7,"11":0,"12":7,"13":7,"14":1},"f":{"0":1,"1":7,"2":7,"3":0,"4":1},"b":{"0":[0,7],"1":[1,6],"2":[1,6],"3":[0,7],"4":[7],"5":[0,0]}}
,"/Users/lukeaveil/claude_experiments/familybrief/src/domain/calendarImport/extractedEvents.ts": {"path":"/Users/lukeaveil/claude_experiments/familybrief/src/domain/calendarImport/extractedEvents.ts","statementMap":{"0":{"start":{"line":3,"column":13},"end":{"line":3,"column":29}},"1":{"start":{"line":94,"column":16},"end":{"line":94,"column":44}},"2":{"start":{"line":30,"column":16},"end":{"line":30,"column":29}},"3":{"start":{"line":65,"column":16},"end":{"line":65,"column":43}},"4":{"start":{"line":41,"column":16},"end":{"line":41,"column":33}},"5":{"start":{"line":3,"column":32},"end":{"line":9,"column":null}},"6":{"start":{"line":27,"column":20},"end":{"line":27,"column":null}},"7":{"start":{"line":31,"column":2},"end":{"line":31,"column":null}},"8":{"start":{"line":31,"column":61},"end":{"line":31,"column":null}},"9":{"start":{"line":32,"column":2},"end":{"line":32,"column":null}},"10":{"start":{"line":36,"column":2},"end":{"line":36,"column":null}},"11":{"start":{"line":36,"column":45},"end":{"line":36,"column":null}},"12":{"start":{"line":37,"column":2},"end":{"line":37,"column":null}},"13":{"start":{"line":37,"column":50},"end":{"line":37,"column":null}},"14":{"start":{"line":38,"column":2},"end":{"line":38,"column":null}},"15":{"start":{"line":42,"column":2},"end":{"line":44,"column":null}},"16":{"start":{"line":43,"column":4},"end":{"line":43,"column":null}},"17":{"start":{"line":45,"column":2},"end":{"line":45,"column":null}},"18":{"start":{"line":52,"column":2},"end":{"line":52,"column":null}},"19":{"start":{"line":52,"column":44},"end":{"line":52,"column":null}},"20":{"start":{"line":53,"column":2},"end":{"line":53,"column":null}},"21":{"start":{"line":53,"column":29},"end":{"line":53,"column":59}},"22":{"start":{"line":71,"column":12},"end":{"line":71,"column":null}},"23":{"start":{"line":72,"column":15},"end":{"line":72,"column":null}},"24":{"start":{"line":73,"column":2},"end":{"line":73,"column":null}},"25":{"start":{"line":73,"column":13},"end":{"line":73,"column":null}},"26":{"start":{"line":76,"column":4},"end":{"line":78,"column":null}},"27":{"start":{"line":80,"column":2},"end":{"line":91,"column":null}},"28":{"start":{"line":100,"column":2},"end":{"line":102,"column":null}},"29":{"start":{"line":101,"column":19},"end":{"line":101,"column":null}},"30":{"start":{"line":102,"column":52},"end":{"line":102,"column":null}}},"fnMap":{"0":{"name":"coerceIsoDate","decl":{"start":{"line":30,"column":16},"end":{"line":30,"column":29}},"loc":{"start":{"line":30,"column":44},"end":{"line":33,"column":null}}},"1":{"name":"normalizeNullableString","decl":{"start":{"line":35,"column":9},"end":{"line":35,"column":33}},"loc":{"start":{"line":35,"column":47},"end":{"line":39,"column":null}}},"2":{"name":"normalizeCategory","decl":{"start":{"line":41,"column":16},"end":{"line":41,"column":33}},"loc":{"start":{"line":41,"column":48},"end":{"line":46,"column":null}}},"3":{"name":"resolveFamilyMemberId","decl":{"start":{"line":48,"column":9},"end":{"line":48,"column":null}},"loc":{"start":{"line":50,"column":29},"end":{"line":54,"column":null}}},"4":{"name":"(anonymous_10)","decl":{"start":{"line":53,"column":22},"end":{"line":53,"column":23}},"loc":{"start":{"line":53,"column":29},"end":{"line":53,"column":59}}},"5":{"name":"mapExtractedItemToInsertRow","decl":{"start":{"line":65,"column":16},"end":{"line":65,"column":43}},"loc":{"start":{"line":69,"column":32},"end":{"line":92,"column":null}}},"6":{"name":"buildInsertRowsFromExtracted","decl":{"start":{"line":94,"column":16},"end":{"line":94,"column":44}},"loc":{"start":{"line":98,"column":32},"end":{"line":103,"column":null}}},"7":{"name":"(anonymous_13)","decl":{"start":{"line":101,"column":9},"end":{"line":101,"column":10}},"loc":{"start":{"line":101,"column":19},"end":{"line":101,"column":null}}},"8":{"name":"(anonymous_14)","decl":{"start":{"line":102,"column":12},"end":{"line":102,"column":13}},"loc":{"start":{"line":102,"column":52},"end":{"line":102,"column":null}}}},"branchMap":{"0":{"loc":{"start":{"line":31,"column":2},"end":{"line":31,"column":null}},"type":"if","locations":[{"start":{"line":31,"column":2},"end":{"line":31,"column":null}},{"start":{},"end":{}}]},"1":{"loc":{"start":{"line":31,"column":6},"end":{"line":31,"column":61}},"type":"binary-expr","locations":[{"start":{"line":31,"column":6},"end":{"line":31,"column":35}},{"start":{"line":31,"column":35},"end":{"line":31,"column":61}}]},"2":{"loc":{"start":{"line":36,"column":2},"end":{"line":36,"column":null}},"type":"if","locations":[{"start":{"line":36,"column":2},"end":{"line":36,"column":null}},{"start":{},"end":{}}]},"3":{"loc":{"start":{"line":36,"column":6},"end":{"line":36,"column":45}},"type":"binary-expr","locations":[{"start":{"line":36,"column":6},"end":{"line":36,"column":24}},{"start":{"line":36,"column":24},"end":{"line":36,"column":45}}]},"4":{"loc":{"start":{"line":37,"column":2},"end":{"line":37,"column":null}},"type":"if","locations":[{"start":{"line":37,"column":2},"end":{"line":37,"column":null}},{"start":{},"end":{}}]},"5":{"loc":{"start":{"line":37,"column":6},"end":{"line":37,"column":50}},"type":"binary-expr","locations":[{"start":{"line":37,"column":6},"end":{"line":37,"column":35}},{"start":{"line":37,"column":35},"end":{"line":37,"column":50}}]},"6":{"loc":{"start":{"line":42,"column":2},"end":{"line":44,"column":null}},"type":"if","locations":[{"start":{"line":42,"column":2},"end":{"line":44,"column":null}},{"start":{},"end":{}}]},"7":{"loc":{"start":{"line":42,"column":6},"end":{"line":42,"column":64}},"type":"binary-expr","locations":[{"start":{"line":42,"column":6},"end":{"line":42,"column":35}},{"start":{"line":42,"column":35},"end":{"line":42,"column":64}}]},"8":{"loc":{"start":{"line":52,"column":2},"end":{"line":52,"column":null}},"type":"if","locations":[{"start":{"line":52,"column":2},"end":{"line":52,"column":null}},{"start":{},"end":{}}]},"9":{"loc":{"start":{"line":53,"column":9},"end":{"line":53,"column":null}},"type":"binary-expr","locations":[{"start":{"line":53,"column":9},"end":{"line":53,"column":65}},{"start":{"line":53,"column":65},"end":{"line":53,"column":null}}]},"10":{"loc":{"start":{"line":73,"column":2},"end":{"line":73,"column":null}},"type":"if","locations":[{"start":{"line":73,"column":2},"end":{"line":73,"column":null}},{"start":{},"end":{}}]},"11":{"loc":{"start":{"line":76,"column":4},"end":{"line":78,"column":null}},"type":"cond-expr","locations":[{"start":{"line":77,"column":8},"end":{"line":77,"column":null}},{"start":{"line":78,"column":8},"end":{"line":78,"column":null}}]},"12":{"loc":{"start":{"line":76,"column":4},"end":{"line":76,"column":null}},"type":"binary-expr","locations":[{"start":{"line":76,"column":4},"end":{"line":76,"column":35}},{"start":{"line":76,"column":35},"end":{"line":76,"column":null}}]}},"s":{"0":0,"1":4,"2":5,"3":5,"4":0,"5":2,"6":2,"7":15,"8":8,"9":7,"10":18,"11":15,"12":3,"13":0,"14":3,"15":6,"16":2,"17":4,"18":6,"19":5,"20":1,"21":1,"22":10,"23":10,"24":10,"25":4,"26":6,"27":6,"28":4,"29":5,"30":5},"f":{"0":15,"1":18,"2":6,"3":6,"4":1,"5":10,"6":4,"7":5,"8":5},"b":{"0":[8,7],"1":[15,10],"2":[15,3],"3":[18,18],"4":[0,3],"5":[3,3],"6":[2,4],"7":[6,3],"8":[5,1],"9":[1,0],"10":[4,6],"11":[5,1],"12":[6,5]}}
,"/Users/lukeaveil/claude_experiments/familybrief/src/domain/calendarImport/index.ts": {"path":"/Users/lukeaveil/claude_experiments/familybrief/src/domain/calendarImport/index.ts","statementMap":{"0":{"start":{"line":2,"column":2},"end":{"line":2,"column":null}},"1":{"start":{"line":12,"column":2},"end":{"line":12,"column":null}},"2":{"start":{"line":6,"column":2},"end":{"line":6,"column":null}},"3":{"start":{"line":7,"column":2},"end":{"line":7,"column":null}},"4":{"start":{"line":13,"column":2},"end":{"line":13,"column":null}},"5":{"start":{"line":8,"column":2},"end":{"line":8,"column":null}},"6":{"start":{"line":9,"column":2},"end":{"line":9,"column":null}},"7":{"start":{"line":14,"column":2},"end":{"line":14,"column":null}},"8":{"start":{"line":15,"column":2},"end":{"line":15,"column":null}},"9":{"start":{"line":10,"column":7},"end":{"line":10,"column":null}},"10":{"start":{"line":17,"column":7},"end":{"line":17,"column":null}}},"fnMap":{},"branchMap":{},"s":{"0":0,"1":1,"2":4,"3":5,"4":5,"5":5,"6":0,"7":11,"8":13,"9":2,"10":2},"f":{},"b":{}}
,"/Users/lukeaveil/claude_experiments/familybrief/src/domain/calendarImport/uploadMedia.ts": {"path":"/Users/lukeaveil/claude_experiments/familybrief/src/domain/calendarImport/uploadMedia.ts","statementMap":{"0":{"start":{"line":3,"column":13},"end":{"line":3,"column":34}},"1":{"start":{"line":45,"column":22},"end":{"line":45,"column":34}},"2":{"start":{"line":19,"column":16},"end":{"line":19,"column":41}},"3":{"start":{"line":32,"column":16},"end":{"line":32,"column":36}},"4":{"start":{"line":1,"column":41},"end":{"line":1,"column":null}},"5":{"start":{"line":3,"column":37},"end":{"line":3,"column":null}},"6":{"start":{"line":6,"column":16},"end":{"line":6,"column":null}},"7":{"start":{"line":7,"column":2},"end":{"line":7,"column":null}},"8":{"start":{"line":7,"column":30},"end":{"line":7,"column":null}},"9":{"start":{"line":8,"column":2},"end":{"line":8,"column":null}},"10":{"start":{"line":8,"column":57},"end":{"line":8,"column":null}},"11":{"start":{"line":9,"column":2},"end":{"line":9,"column":null}},"12":{"start":{"line":9,"column":30},"end":{"line":9,"column":null}},"13":{"start":{"line":10,"column":2},"end":{"line":10,"column":null}},"14":{"start":{"line":10,"column":30},"end":{"line":10,"column":null}},"15":{"start":{"line":11,"column":2},"end":{"line":11,"column":null}},"16":{"start":{"line":11,"column":31},"end":{"line":11,"column":null}},"17":{"start":{"line":12,"column":2},"end":{"line":12,"column":null}},"18":{"start":{"line":20,"column":2},"end":{"line":20,"column":null}},"19":{"start":{"line":20,"column":39},"end":{"line":20,"column":null}},"20":{"start":{"line":21,"column":2},"end":{"line":21,"column":null}},"21":{"start":{"line":21,"column":60},"end":{"line":21,"column":null}},"22":{"start":{"line":22,"column":2},"end":{"line":24,"column":null}},"23":{"start":{"line":23,"column":4},"end":{"line":23,"column":null}},"24":{"start":{"line":25,"column":2},"end":{"line":25,"column":null}},"25":{"start":{"line":33,"column":2},"end":{"line":35,"column":null}},"26":{"start":{"line":34,"column":4},"end":{"line":34,"column":null}},"27":{"start":{"line":36,"column":2},"end":{"line":38,"column":null}},"28":{"start":{"line":37,"column":4},"end":{"line":37,"column":null}},"29":{"start":{"line":39,"column":2},"end":{"line":41,"column":null}},"30":{"start":{"line":40,"column":4},"end":{"line":40,"column":null}},"31":{"start":{"line":42,"column":2},"end":{"line":42,"column":null}},"32":{"start":{"line":46,"column":17},"end":{"line":46,"column":null}},"33":{"start":{"line":47,"column":2},"end":{"line":47,"column":null}}},"fnMap":{"0":{"name":"extMimeFromFilename","decl":{"start":{"line":5,"column":9},"end":{"line":5,"column":29}},"loc":{"start":{"line":5,"column":41},"end":{"line":13,"column":null}}},"1":{"name":"resolveMediaTypeForVision","decl":{"start":{"line":19,"column":16},"end":{"line":19,"column":41}},"loc":{"start":{"line":19,"column":52},"end":{"line":26,"column":null}}},"2":{"name":"validateUploadedFile","decl":{"start":{"line":32,"column":16},"end":{"line":32,"column":36}},"loc":{"start":{"line":32,"column":49},"end":{"line":43,"column":null}}},"3":{"name":"fileToBase64","decl":{"start":{"line":45,"column":22},"end":{"line":45,"column":34}},"loc":{"start":{"line":45,"column":45},"end":{"line":48,"column":null}}}},"branchMap":{"0":{"loc":{"start":{"line":7,"column":2},"end":{"line":7,"column":null}},"type":"if","locations":[{"start":{"line":7,"column":2},"end":{"line":7,"column":null}},{"start":{},"end":{}}]},"1":{"loc":{"start":{"line":8,"column":2},"end":{"line":8,"column":null}},"type":"if","locations":[{"start":{"line":8,"column":2},"end":{"line":8,"column":null}},{"start":{},"end":{}}]},"2":{"loc":{"start":{"line":8,"column":6},"end":{"line":8,"column":57}},"type":"binary-expr","locations":[{"start":{"line":8,"column":6},"end":{"line":8,"column":32}},{"start":{"line":8,"column":32},"end":{"line":8,"column":57}}]},"3":{"loc":{"start":{"line":9,"column":2},"end":{"line":9,"column":null}},"type":"if","locations":[{"start":{"line":9,"column":2},"end":{"line":9,"column":null}},{"start":{},"end":{}}]},"4":{"loc":{"start":{"line":10,"column":2},"end":{"line":10,"column":null}},"type":"if","locations":[{"start":{"line":10,"column":2},"end":{"line":10,"column":null}},{"start":{},"end":{}}]},"5":{"loc":{"start":{"line":11,"column":2},"end":{"line":11,"column":null}},"type":"if","locations":[{"start":{"line":11,"column":2},"end":{"line":11,"column":null}},{"start":{},"end":{}}]},"6":{"loc":{"start":{"line":20,"column":2},"end":{"line":20,"column":null}},"type":"if","locations":[{"start":{"line":20,"column":2},"end":{"line":20,"column":null}},{"start":{},"end":{}}]},"7":{"loc":{"start":{"line":21,"column":2},"end":{"line":21,"column":null}},"type":"if","locations":[{"start":{"line":21,"column":2},"end":{"line":21,"column":null}},{"start":{},"end":{}}]},"8":{"loc":{"start":{"line":21,"column":6},"end":{"line":21,"column":60}},"type":"binary-expr","locations":[{"start":{"line":21,"column":6},"end":{"line":21,"column":15}},{"start":{"line":21,"column":19},"end":{"line":21,"column":60}}]},"9":{"loc":{"start":{"line":22,"column":2},"end":{"line":24,"column":null}},"type":"if","locations":[{"start":{"line":22,"column":2},"end":{"line":24,"column":null}},{"start":{},"end":{}}]},"10":{"loc":{"start":{"line":23,"column":11},"end":{"line":23,"column":null}},"type":"cond-expr","locations":[{"start":{"line":23,"column":53},"end":{"line":23,"column":62}},{"start":{"line":23,"column":65},"end":{"line":23,"column":null}}]},"11":{"loc":{"start":{"line":33,"column":2},"end":{"line":35,"column":null}},"type":"if","locations":[{"start":{"line":33,"column":2},"end":{"line":35,"column":null}},{"start":{},"end":{}}]},"12":{"loc":{"start":{"line":33,"column":6},"end":{"line":33,"column":38}},"type":"binary-expr","locations":[{"start":{"line":33,"column":6},"end":{"line":33,"column":14}},{"start":{"line":33,"column":14},"end":{"line":33,"column":38}}]},"13":{"loc":{"start":{"line":36,"column":2},"end":{"line":38,"column":null}},"type":"if","locations":[{"start":{"line":36,"column":2},"end":{"line":38,"column":null}},{"start":{},"end":{}}]},"14":{"loc":{"start":{"line":39,"column":2},"end":{"line":41,"column":null}},"type":"if","locations":[{"start":{"line":39,"column":2},"end":{"line":41,"column":null}},{"start":{},"end":{}}]}},"s":{"0":1,"1":5,"2":11,"3":13,"4":2,"5":2,"6":2,"7":2,"8":1,"9":1,"10":1,"11":0,"12":0,"13":0,"14":0,"15":0,"16":0,"17":0,"18":11,"19":1,"20":10,"21":6,"22":4,"23":2,"24":2,"25":13,"26":3,"27":10,"28":2,"29":8,"30":1,"31":7,"32":5,"33":5},"f":{"0":2,"1":11,"2":13,"3":5},"b":{"0":[1,1],"1":[1,0],"2":[1,0],"3":[0,0],"4":[0,0],"5":[0,0],"6":[1,10],"7":[6,4],"8":[10,8],"9":[2,2],"10":[0,2],"11":[3,10],"12":[13,11],"13":[2,8],"14":[1,7]}}
,"/Users/lukeaveil/claude_experiments/familybrief/src/infrastructure/events/supabaseEventRepository.ts": {"path":"/Users/lukeaveil/claude_experiments/familybrief/src/infrastructure/events/supabaseEventRepository.ts","statementMap":{"0":{"start":{"line":27,"column":16},"end":{"line":27,"column":27}},"1":{"start":{"line":51,"column":13},"end":{"line":51,"column":36}},"2":{"start":{"line":4,"column":30},"end":{"line":4,"column":null}},"3":{"start":{"line":28,"column":2},"end":{"line":48,"column":null}},"4":{"start":{"line":51,"column":56},"end":{"line":119,"column":null}},"5":{"start":{"line":53,"column":16},"end":{"line":57,"column":null}},"6":{"start":{"line":59,"column":4},"end":{"line":59,"column":null}},"7":{"start":{"line":59,"column":22},"end":{"line":59,"column":null}},"8":{"start":{"line":60,"column":4},"end":{"line":60,"column":null}},"9":{"start":{"line":60,"column":20},"end":{"line":60,"column":null}},"10":{"start":{"line":62,"column":28},"end":{"line":62,"column":null}},"11":{"start":{"line":64,"column":4},"end":{"line":66,"column":null}},"12":{"start":{"line":65,"column":6},"end":{"line":65,"column":null}},"13":{"start":{"line":68,"column":4},"end":{"line":68,"column":null}},"14":{"start":{"line":72,"column":28},"end":{"line":77,"column":null}},"15":{"start":{"line":79,"column":4},"end":{"line":79,"column":null}},"16":{"start":{"line":79,"column":15},"end":{"line":79,"column":null}},"17":{"start":{"line":80,"column":4},"end":{"line":80,"column":null}},"18":{"start":{"line":80,"column":15},"end":{"line":80,"column":null}},"19":{"start":{"line":81,"column":4},"end":{"line":81,"column":null}},"20":{"start":{"line":85,"column":28},"end":{"line":99,"column":null}},"21":{"start":{"line":101,"column":4},"end":{"line":103,"column":null}},"22":{"start":{"line":102,"column":6},"end":{"line":102,"column":null}},"23":{"start":{"line":105,"column":4},"end":{"line":105,"column":null}},"24":{"start":{"line":109,"column":22},"end":{"line":113,"column":null}},"25":{"start":{"line":115,"column":4},"end":{"line":117,"column":null}},"26":{"start":{"line":116,"column":6},"end":{"line":116,"column":null}}},"fnMap":{"0":{"name":"mapEventRow","decl":{"start":{"line":27,"column":16},"end":{"line":27,"column":27}},"loc":{"start":{"line":27,"column":41},"end":{"line":49,"column":null}}},"1":{"name":"(anonymous_4)","decl":{"start":{"line":52,"column":2},"end":{"line":52,"column":8}},"loc":{"start":{"line":52,"column":33},"end":{"line":69,"column":null}}},"2":{"name":"(anonymous_5)","decl":{"start":{"line":71,"column":2},"end":{"line":71,"column":8}},"loc":{"start":{"line":71,"column":33},"end":{"line":82,"column":null}}},"3":{"name":"(anonymous_6)","decl":{"start":{"line":84,"column":2},"end":{"line":84,"column":8}},"loc":{"start":{"line":84,"column":43},"end":{"line":106,"column":null}}},"4":{"name":"(anonymous_7)","decl":{"start":{"line":108,"column":2},"end":{"line":108,"column":8}},"loc":{"start":{"line":108,"column":32},"end":{"line":118,"column":null}}}},"branchMap":{"0":{"loc":{"start":{"line":32,"column":18},"end":{"line":38,"column":null}},"type":"cond-expr","locations":[{"start":{"line":33,"column":8},"end":{"line":37,"column":null}},{"start":{"line":38,"column":8},"end":{"line":38,"column":null}}]},"1":{"loc":{"start":{"line":40,"column":17},"end":{"line":40,"column":null}},"type":"binary-expr","locations":[{"start":{"line":40,"column":17},"end":{"line":40,"column":32}},{"start":{"line":40,"column":36},"end":{"line":40,"column":null}}]},"2":{"loc":{"start":{"line":42,"column":10},"end":{"line":42,"column":null}},"type":"binary-expr","locations":[{"start":{"line":42,"column":10},"end":{"line":42,"column":18}},{"start":{"line":42,"column":22},"end":{"line":42,"column":null}}]},"3":{"loc":{"start":{"line":43,"column":14},"end":{"line":43,"column":null}},"type":"binary-expr","locations":[{"start":{"line":43,"column":14},"end":{"line":43,"column":26}},{"start":{"line":43,"column":30},"end":{"line":43,"column":null}}]},"4":{"loc":{"start":{"line":46,"column":16},"end":{"line":46,"column":null}},"type":"binary-expr","locations":[{"start":{"line":46,"column":16},"end":{"line":46,"column":32}},{"start":{"line":46,"column":36},"end":{"line":46,"column":null}}]},"5":{"loc":{"start":{"line":59,"column":4},"end":{"line":59,"column":null}},"type":"if","locations":[{"start":{"line":59,"column":4},"end":{"line":59,"column":null}},{"start":{},"end":{}}]},"6":{"loc":{"start":{"line":60,"column":4},"end":{"line":60,"column":null}},"type":"if","locations":[{"start":{"line":60,"column":4},"end":{"line":60,"column":null}},{"start":{},"end":{}}]},"7":{"loc":{"start":{"line":64,"column":4},"end":{"line":66,"column":null}},"type":"if","locations":[{"start":{"line":64,"column":4},"end":{"line":66,"column":null}},{"start":{},"end":{}}]},"8":{"loc":{"start":{"line":68,"column":11},"end":{"line":68,"column":62}},"type":"binary-expr","locations":[{"start":{"line":68,"column":11},"end":{"line":68,"column":60}},{"start":{"line":68,"column":60},"end":{"line":68,"column":62}}]},"9":{"loc":{"start":{"line":79,"column":4},"end":{"line":79,"column":null}},"type":"if","locations":[{"start":{"line":79,"column":4},"end":{"line":79,"column":null}},{"start":{},"end":{}}]},"10":{"loc":{"start":{"line":80,"column":4},"end":{"line":80,"column":null}},"type":"if","locations":[{"start":{"line":80,"column":4},"end":{"line":80,"column":null}},{"start":{},"end":{}}]},"11":{"loc":{"start":{"line":91,"column":14},"end":{"line":91,"column":null}},"type":"binary-expr","locations":[{"start":{"line":91,"column":14},"end":{"line":91,"column":26}},{"start":{"line":91,"column":30},"end":{"line":91,"column":null}}]},"12":{"loc":{"start":{"line":92,"column":18},"end":{"line":92,"column":null}},"type":"binary-expr","locations":[{"start":{"line":92,"column":18},"end":{"line":92,"column":34}},{"start":{"line":92,"column":38},"end":{"line":92,"column":null}}]},"13":{"loc":{"start":{"line":94,"column":26},"end":{"line":94,"column":null}},"type":"binary-expr","locations":[{"start":{"line":94,"column":26},"end":{"line":94,"column":48}},{"start":{"line":94,"column":52},"end":{"line":94,"column":null}}]},"14":{"loc":{"start":{"line":95,"column":21},"end":{"line":95,"column":null}},"type":"binary-expr","locations":[{"start":{"line":95,"column":21},"end":{"line":95,"column":40}},{"start":{"line":95,"column":44},"end":{"line":95,"column":null}}]},"15":{"loc":{"start":{"line":101,"column":4},"end":{"line":103,"column":null}},"type":"if","locations":[{"start":{"line":101,"column":4},"end":{"line":103,"column":null}},{"start":{},"end":{}}]},"16":{"loc":{"start":{"line":115,"column":4},"end":{"line":117,"column":null}},"type":"if","locations":[{"start":{"line":115,"column":4},"end":{"line":117,"column":null}},{"start":{},"end":{}}]}},"s":{"0":2,"1":2,"2":3,"3":3,"4":3,"5":2,"6":2,"7":0,"8":2,"9":0,"10":2,"11":2,"12":1,"13":1,"14":0,"15":0,"16":0,"17":0,"18":0,"19":0,"20":0,"21":0,"22":0,"23":0,"24":0,"25":0,"26":0},"f":{"0":3,"1":2,"2":0,"3":0,"4":0},"b":{"0":[1,2],"1":[3,2],"2":[3,2],"3":[3,2],"4":[3,3],"5":[0,2],"6":[0,2],"7":[1,1],"8":[1,0],"9":[0,0],"10":[0,0],"11":[0,0],"12":[0,0],"13":[0,0],"14":[0,0],"15":[0,0],"16":[0,0]}}
,"/Users/lukeaveil/claude_experiments/familybrief/src/infrastructure/family/supabaseFamilyRepository.ts": {"path":"/Users/lukeaveil/claude_experiments/familybrief/src/infrastructure/family/supabaseFamilyRepository.ts","statementMap":{"0":{"start":{"line":27,"column":13},"end":{"line":27,"column":58}},"1":{"start":{"line":4,"column":30},"end":{"line":4,"column":null}},"2":{"start":{"line":17,"column":2},"end":{"line":24,"column":null}},"3":{"start":{"line":27,"column":58},"end":{"line":60,"column":null}},"4":{"start":{"line":29,"column":28},"end":{"line":32,"column":null}},"5":{"start":{"line":34,"column":4},"end":{"line":36,"column":null}},"6":{"start":{"line":35,"column":6},"end":{"line":35,"column":null}},"7":{"start":{"line":38,"column":4},"end":{"line":38,"column":null}},"8":{"start":{"line":42,"column":28},"end":{"line":52,"column":null}},"9":{"start":{"line":54,"column":4},"end":{"line":56,"column":null}},"10":{"start":{"line":55,"column":6},"end":{"line":55,"column":null}},"11":{"start":{"line":58,"column":4},"end":{"line":58,"column":null}}},"fnMap":{"0":{"name":"mapFamilyMemberRow","decl":{"start":{"line":16,"column":9},"end":{"line":16,"column":28}},"loc":{"start":{"line":16,"column":48},"end":{"line":25,"column":null}}},"1":{"name":"(anonymous_2)","decl":{"start":{"line":28,"column":2},"end":{"line":28,"column":8}},"loc":{"start":{"line":28,"column":26},"end":{"line":39,"column":null}}},"2":{"name":"(anonymous_3)","decl":{"start":{"line":41,"column":2},"end":{"line":41,"column":8}},"loc":{"start":{"line":41,"column":35},"end":{"line":59,"column":null}}}},"branchMap":{"0":{"loc":{"start":{"line":22,"column":9},"end":{"line":22,"column":null}},"type":"binary-expr","locations":[{"start":{"line":22,"column":9},"end":{"line":22,"column":16}},{"start":{"line":22,"column":20},"end":{"line":22,"column":null}}]},"1":{"loc":{"start":{"line":34,"column":4},"end":{"line":36,"column":null}},"type":"if","locations":[{"start":{"line":34,"column":4},"end":{"line":36,"column":null}},{"start":{},"end":{}}]},"2":{"loc":{"start":{"line":38,"column":11},"end":{"line":38,"column":76}},"type":"binary-expr","locations":[{"start":{"line":38,"column":11},"end":{"line":38,"column":74}},{"start":{"line":38,"column":74},"end":{"line":38,"column":76}}]},"3":{"loc":{"start":{"line":48,"column":13},"end":{"line":48,"column":null}},"type":"cond-expr","locations":[{"start":{"line":48,"column":45},"end":{"line":48,"column":54}},{"start":{"line":48,"column":57},"end":{"line":48,"column":null}}]},"4":{"loc":{"start":{"line":54,"column":4},"end":{"line":56,"column":null}},"type":"if","locations":[{"start":{"line":54,"column":4},"end":{"line":56,"column":null}},{"start":{},"end":{}}]}},"s":{"0":2,"1":1,"2":1,"3":1,"4":2,"5":2,"6":1,"7":1,"8":0,"9":0,"10":0,"11":0},"f":{"0":1,"1":2,"2":0},"b":{"0":[1,0],"1":[1,1],"2":[1,0],"3":[0,0],"4":[0,0]}}
,"/Users/lukeaveil/claude_experiments/familybrief/src/lib/anthropic.ts": {"path":"/Users/lukeaveil/claude_experiments/familybrief/src/lib/anthropic.ts","statementMap":{"0":{"start":{"line":8,"column":13},"end":{"line":8,"column":48}},"1":{"start":{"line":56,"column":13},"end":{"line":56,"column":37}},"2":{"start":{"line":3,"column":13},"end":{"line":3,"column":22}},"3":{"start":{"line":141,"column":22},"end":{"line":141,"column":44}},"4":{"start":{"line":31,"column":22},"end":{"line":31,"column":40}},"5":{"start":{"line":67,"column":22},"end":{"line":67,"column":45}},"6":{"start":{"line":18,"column":16},"end":{"line":18,"column":47}},"7":{"start":{"line":1,"column":22},"end":{"line":1,"column":null}},"8":{"start":{"line":3,"column":25},"end":{"line":5,"column":null}},"9":{"start":{"line":8,"column":51},"end":{"line":16,"column":3}},"10":{"start":{"line":19,"column":18},"end":{"line":19,"column":null}},"11":{"start":{"line":20,"column":16},"end":{"line":20,"column":null}},"12":{"start":{"line":21,"column":12},"end":{"line":21,"column":null}},"13":{"start":{"line":22,"column":18},"end":{"line":22,"column":null}},"14":{"start":{"line":23,"column":2},"end":{"line":28,"column":null}},"15":{"start":{"line":24,"column":19},"end":{"line":24,"column":null}},"16":{"start":{"line":25,"column":4},"end":{"line":25,"column":null}},"17":{"start":{"line":27,"column":4},"end":{"line":27,"column":null}},"18":{"start":{"line":36,"column":19},"end":{"line":50,"column":null}},"19":{"start":{"line":42,"column":41},"end":{"line":42,"column":47}},"20":{"start":{"line":51,"column":15},"end":{"line":51,"column":null}},"21":{"start":{"line":52,"column":2},"end":{"line":52,"column":null}},"22":{"start":{"line":56,"column":40},"end":{"line":61,"column":null}},"23":{"start":{"line":73,"column":4},"end":{"line":73,"column":null}},"24":{"start":{"line":73,"column":29},"end":{"line":73,"column":35}},"25":{"start":{"line":75,"column":17},"end":{"line":80,"column":57}},"26":{"start":{"line":82,"column":21},"end":{"line":84,"column":31}},"27":{"start":{"line":86,"column":19},"end":{"line":90,"column":92}},"28":{"start":{"line":92,"column":16},"end":{"line":92,"column":null}},"29":{"start":{"line":94,"column":29},"end":{"line":120,"column":null}},"30":{"start":{"line":122,"column":19},"end":{"line":134,"column":null}},"31":{"start":{"line":136,"column":20},"end":{"line":136,"column":null}},"32":{"start":{"line":136,"column":49},"end":{"line":136,"column":null}},"33":{"start":{"line":137,"column":15},"end":{"line":137,"column":null}},"34":{"start":{"line":138,"column":2},"end":{"line":138,"column":null}},"35":{"start":{"line":146,"column":19},"end":{"line":160,"column":null}},"36":{"start":{"line":161,"column":2},"end":{"line":161,"column":null}}},"fnMap":{"0":{"name":"parseJsonArrayFromAssistantText","decl":{"start":{"line":18,"column":16},"end":{"line":18,"column":47}},"loc":{"start":{"line":18,"column":60},"end":{"line":29,"column":null}}},"1":{"name":"parseEmailToEvents","decl":{"start":{"line":31,"column":22},"end":{"line":31,"column":40}},"loc":{"start":{"line":34,"column":47},"end":{"line":53,"column":null}}},"2":{"name":"(anonymous_11)","decl":{"start":{"line":42,"column":36},"end":{"line":42,"column":41}},"loc":{"start":{"line":42,"column":41},"end":{"line":42,"column":47}}},"3":{"name":"parseImageOrPdfToEvents","decl":{"start":{"line":67,"column":22},"end":{"line":67,"column":45}},"loc":{"start":{"line":70,"column":47},"end":{"line":139,"column":null}}},"4":{"name":"(anonymous_13)","decl":{"start":{"line":73,"column":22},"end":{"line":73,"column":23}},"loc":{"start":{"line":73,"column":29},"end":{"line":73,"column":35}}},"5":{"name":"(anonymous_14)","decl":{"start":{"line":136,"column":42},"end":{"line":136,"column":43}},"loc":{"start":{"line":136,"column":49},"end":{"line":136,"column":null}}},"6":{"name":"generateWeeklyBriefing","decl":{"start":{"line":141,"column":22},"end":{"line":141,"column":44}},"loc":{"start":{"line":144,"column":118},"end":{"line":162,"column":null}}}},"branchMap":{"0":{"loc":{"start":{"line":22,"column":18},"end":{"line":22,"column":null}},"type":"cond-expr","locations":[{"start":{"line":22,"column":22},"end":{"line":22,"column":36}},{"start":{"line":22,"column":36},"end":{"line":22,"column":null}}]},"1":{"loc":{"start":{"line":25,"column":11},"end":{"line":25,"column":46}},"type":"cond-expr","locations":[{"start":{"line":25,"column":35},"end":{"line":25,"column":44}},{"start":{"line":25,"column":44},"end":{"line":25,"column":46}}]},"2":{"loc":{"start":{"line":51,"column":15},"end":{"line":51,"column":null}},"type":"cond-expr","locations":[{"start":{"line":51,"column":53},"end":{"line":51,"column":77}},{"start":{"line":51,"column":80},"end":{"line":51,"column":null}}]},"3":{"loc":{"start":{"line":73,"column":4},"end":{"line":73,"column":null}},"type":"binary-expr","locations":[{"start":{"line":73,"column":4},"end":{"line":73,"column":51}},{"start":{"line":73,"column":51},"end":{"line":73,"column":null}}]},"4":{"loc":{"start":{"line":94,"column":29},"end":{"line":120,"column":null}},"type":"cond-expr","locations":[{"start":{"line":95,"column":6},"end":{"line":105,"column":null}},{"start":{"line":106,"column":6},"end":{"line":120,"column":null}}]},"5":{"loc":{"start":{"line":137,"column":15},"end":{"line":137,"column":null}},"type":"cond-expr","locations":[{"start":{"line":137,"column":44},"end":{"line":137,"column":58}},{"start":{"line":137,"column":61},"end":{"line":137,"column":null}}]},"6":{"loc":{"start":{"line":161,"column":9},"end":{"line":161,"column":null}},"type":"cond-expr","locations":[{"start":{"line":161,"column":47},"end":{"line":161,"column":71}},{"start":{"line":161,"column":74},"end":{"line":161,"column":null}}]}},"s":{"0":0,"1":0,"2":0,"3":0,"4":0,"5":0,"6":0,"7":3,"8":3,"9":3,"10":0,"11":0,"12":0,"13":0,"14":0,"15":0,"16":0,"17":0,"18":0,"19":0,"20":0,"21":0,"22":3,"23":0,"24":0,"25":0,"26":0,"27":0,"28":0,"29":0,"30":0,"31":0,"32":0,"33":0,"34":0,"35":0,"36":0},"f":{"0":0,"1":0,"2":0,"3":0,"4":0,"5":0,"6":0},"b":{"0":[0,0],"1":[0,0],"2":[0,0],"3":[0,0],"4":[0,0],"5":[0,0],"6":[0,0]}}
,"/Users/lukeaveil/claude_experiments/familybrief/src/lib/apiAuth.ts": {"path":"/Users/lukeaveil/claude_experiments/familybrief/src/lib/apiAuth.ts","statementMap":{"0":{"start":{"line":5,"column":22},"end":{"line":5,"column":null}},"1":{"start":{"line":2,"column":30},"end":{"line":2,"column":null}},"2":{"start":{"line":8,"column":15},"end":{"line":8,"column":null}},"3":{"start":{"line":9,"column":16},"end":{"line":9,"column":null}},"4":{"start":{"line":10,"column":16},"end":{"line":10,"column":26}},"5":{"start":{"line":11,"column":2},"end":{"line":11,"column":null}},"6":{"start":{"line":11,"column":14},"end":{"line":11,"column":null}},"7":{"start":{"line":13,"column":2},"end":{"line":19,"column":null}},"8":{"start":{"line":14,"column":28},"end":{"line":14,"column":null}},"9":{"start":{"line":15,"column":4},"end":{"line":15,"column":null}},"10":{"start":{"line":15,"column":29},"end":{"line":15,"column":null}},"11":{"start":{"line":16,"column":4},"end":{"line":16,"column":null}},"12":{"start":{"line":18,"column":4},"end":{"line":18,"column":null}}},"fnMap":{"0":{"name":"getAuthedUserIdFromRequest","decl":{"start":{"line":5,"column":22},"end":{"line":5,"column":null}},"loc":{"start":{"line":6,"column":18},"end":{"line":20,"column":null}}}},"branchMap":{"0":{"loc":{"start":{"line":8,"column":15},"end":{"line":8,"column":null}},"type":"binary-expr","locations":[{"start":{"line":8,"column":15},"end":{"line":8,"column":51}},{"start":{"line":8,"column":51},"end":{"line":8,"column":null}}]},"1":{"loc":{"start":{"line":11,"column":2},"end":{"line":11,"column":null}},"type":"if","locations":[{"start":{"line":11,"column":2},"end":{"line":11,"column":null}},{"start":{},"end":{}}]},"2":{"loc":{"start":{"line":15,"column":4},"end":{"line":15,"column":null}},"type":"if","locations":[{"start":{"line":15,"column":4},"end":{"line":15,"column":null}},{"start":{},"end":{}}]},"3":{"loc":{"start":{"line":15,"column":8},"end":{"line":15,"column":27}},"type":"binary-expr","locations":[{"start":{"line":15,"column":8},"end":{"line":15,"column":17}},{"start":{"line":15,"column":17},"end":{"line":15,"column":27}}]}},"s":{"0":5,"1":1,"2":5,"3":5,"4":5,"5":5,"6":2,"7":3,"8":3,"9":2,"10":1,"11":1,"12":1},"f":{"0":5},"b":{"0":[5,1],"1":[2,3],"2":[1,1],"3":[2,1]}}
,"/Users/lukeaveil/claude_experiments/familybrief/src/lib/supabaseAdmin.ts": {"path":"/Users/lukeaveil/claude_experiments/familybrief/src/lib/supabaseAdmin.ts","statementMap":{"0":{"start":{"line":13,"column":13},"end":{"line":13,"column":29}},"1":{"start":{"line":1,"column":7},"end":{"line":1,"column":null}},"2":{"start":{"line":2,"column":29},"end":{"line":2,"column":null}},"3":{"start":{"line":4,"column":20},"end":{"line":4,"column":56}},"4":{"start":{"line":5,"column":23},"end":{"line":5,"column":60}},"5":{"start":{"line":7,"column":0},"end":{"line":11,"column":null}},"6":{"start":{"line":8,"column":2},"end":{"line":9,"column":null}},"7":{"start":{"line":13,"column":29},"end":{"line":13,"column":null}}},"fnMap":{},"branchMap":{"0":{"loc":{"start":{"line":7,"column":0},"end":{"line":11,"column":null}},"type":"if","locations":[{"start":{"line":7,"column":0},"end":{"line":11,"column":null}},{"start":{},"end":{}}]},"1":{"loc":{"start":{"line":7,"column":4},"end":{"line":7,"column":37}},"type":"binary-expr","locations":[{"start":{"line":7,"column":4},"end":{"line":7,"column":20}},{"start":{"line":7,"column":20},"end":{"line":7,"column":37}}]}},"s":{"0":0,"1":1,"2":1,"3":1,"4":1,"5":1,"6":0,"7":1},"f":{},"b":{"0":[0,1],"1":[1,1]}}
,"/Users/lukeaveil/claude_experiments/familybrief/src/lib/briefing/parseSections.ts": {"path":"/Users/lukeaveil/claude_experiments/familybrief/src/lib/briefing/parseSections.ts","statementMap":{"0":{"start":{"line":10,"column":16},"end":{"line":10,"column":38}},"1":{"start":{"line":4,"column":2},"end":{"line":4,"column":null}},"2":{"start":{"line":11,"column":18},"end":{"line":11,"column":null}},"3":{"start":{"line":12,"column":2},"end":{"line":12,"column":null}},"4":{"start":{"line":12,"column":16},"end":{"line":12,"column":null}},"5":{"start":{"line":14,"column":19},"end":{"line":14,"column":null}},"6":{"start":{"line":15,"column":38},"end":{"line":15,"column":40}},"7":{"start":{"line":16,"column":22},"end":{"line":16,"column":24}},"8":{"start":{"line":17,"column":21},"end":{"line":17,"column":null}},"9":{"start":{"line":19,"column":16},"end":{"line":28,"column":null}},"10":{"start":{"line":20,"column":17},"end":{"line":20,"column":null}},"11":{"start":{"line":21,"column":4},"end":{"line":26,"column":null}},"12":{"start":{"line":22,"column":6},"end":{"line":25,"column":null}},"13":{"start":{"line":27,"column":4},"end":{"line":27,"column":null}},"14":{"start":{"line":30,"column":2},"end":{"line":42,"column":null}},"15":{"start":{"line":31,"column":21},"end":{"line":31,"column":null}},"16":{"start":{"line":32,"column":4},"end":{"line":41,"column":null}},"17":{"start":{"line":33,"column":6},"end":{"line":33,"column":null}},"18":{"start":{"line":34,"column":6},"end":{"line":36,"column":null}},"19":{"start":{"line":37,"column":19},"end":{"line":37,"column":null}},"20":{"start":{"line":38,"column":6},"end":{"line":38,"column":null}},"21":{"start":{"line":40,"column":6},"end":{"line":40,"column":null}},"22":{"start":{"line":43,"column":2},"end":{"line":43,"column":null}},"23":{"start":{"line":45,"column":2},"end":{"line":45,"column":null}}},"fnMap":{"0":{"name":"parseBriefingSections","decl":{"start":{"line":10,"column":16},"end":{"line":10,"column":38}},"loc":{"start":{"line":10,"column":50},"end":{"line":46,"column":null}}},"1":{"name":"(anonymous_2)","decl":{"start":{"line":19,"column":16},"end":{"line":19,"column":null}},"loc":{"start":{"line":19,"column":16},"end":{"line":28,"column":null}}}},"branchMap":{"0":{"loc":{"start":{"line":12,"column":2},"end":{"line":12,"column":null}},"type":"if","locations":[{"start":{"line":12,"column":2},"end":{"line":12,"column":null}},{"start":{},"end":{}}]},"1":{"loc":{"start":{"line":21,"column":4},"end":{"line":26,"column":null}},"type":"if","locations":[{"start":{"line":21,"column":4},"end":{"line":26,"column":null}},{"start":{},"end":{}}]},"2":{"loc":{"start":{"line":21,"column":8},"end":{"line":21,"column":30}},"type":"binary-expr","locations":[{"start":{"line":21,"column":8},"end":{"line":21,"column":16}},{"start":{"line":21,"column":16},"end":{"line":21,"column":30}}]},"3":{"loc":{"start":{"line":23,"column":15},"end":{"line":23,"column":null}},"type":"binary-expr","locations":[{"start":{"line":23,"column":15},"end":{"line":23,"column":31}},{"start":{"line":23,"column":31},"end":{"line":23,"column":null}}]},"4":{"loc":{"start":{"line":24,"column":14},"end":{"line":24,"column":null}},"type":"binary-expr","locations":[{"start":{"line":24,"column":14},"end":{"line":24,"column":22}},{"start":{"line":24,"column":22},"end":{"line":24,"column":null}}]},"5":{"loc":{"start":{"line":32,"column":4},"end":{"line":41,"column":null}},"type":"if","locations":[{"start":{"line":32,"column":4},"end":{"line":41,"column":null}},{"start":{"line":39,"column":11},"end":{"line":41,"column":null}}]},"6":{"loc":{"start":{"line":38,"column":12},"end":{"line":38,"column":30}},"type":"cond-expr","locations":[{"start":{"line":38,"column":19},"end":{"line":38,"column":28}},{"start":{"line":38,"column":28},"end":{"line":38,"column":30}}]}},"s":{"0":4,"1":1,"2":4,"3":4,"4":2,"5":2,"6":2,"7":2,"8":2,"9":2,"10":4,"11":4,"12":4,"13":4,"14":2,"15":9,"16":9,"17":2,"18":2,"19":2,"20":2,"21":7,"22":2,"23":2},"f":{"0":4,"1":4},"b":{"0":[2,2],"1":[4,0],"2":[4,0],"3":[4,2],"4":[4,0],"5":[2,7],"6":[0,2]}}
,"/Users/lukeaveil/claude_experiments/familybrief/src/lib/briefing/pickCurrentBriefing.ts": {"path":"/Users/lukeaveil/claude_experiments/familybrief/src/lib/briefing/pickCurrentBriefing.ts","statementMap":{"0":{"start":{"line":5,"column":16},"end":{"line":5,"column":null}},"1":{"start":{"line":1,"column":19},"end":{"line":1,"column":null}},"2":{"start":{"line":2,"column":29},"end":{"line":2,"column":null}},"3":{"start":{"line":9,"column":2},"end":{"line":9,"column":null}},"4":{"start":{"line":9,"column":30},"end":{"line":9,"column":null}},"5":{"start":{"line":10,"column":13},"end":{"line":10,"column":null}},"6":{"start":{"line":11,"column":19},"end":{"line":11,"column":null}},"7":{"start":{"line":11,"column":41},"end":{"line":11,"column":null}},"8":{"start":{"line":12,"column":2},"end":{"line":12,"column":null}}},"fnMap":{"0":{"name":"pickCurrentBriefing","decl":{"start":{"line":5,"column":16},"end":{"line":5,"column":null}},"loc":{"start":{"line":7,"column":13},"end":{"line":13,"column":null}}},"1":{"name":"(anonymous_3)","decl":{"start":{"line":11,"column":34},"end":{"line":11,"column":35}},"loc":{"start":{"line":11,"column":41},"end":{"line":11,"column":null}}}},"branchMap":{"0":{"loc":{"start":{"line":9,"column":2},"end":{"line":9,"column":null}},"type":"if","locations":[{"start":{"line":9,"column":2},"end":{"line":9,"column":null}},{"start":{},"end":{}}]},"1":{"loc":{"start":{"line":12,"column":9},"end":{"line":12,"column":null}},"type":"binary-expr","locations":[{"start":{"line":12,"column":9},"end":{"line":12,"column":21}},{"start":{"line":12,"column":21},"end":{"line":12,"column":33}},{"start":{"line":12,"column":37},"end":{"line":12,"column":null}}]}},"s":{"0":3,"1":1,"2":1,"3":3,"4":1,"5":2,"6":2,"7":3,"8":2},"f":{"0":3,"1":3},"b":{"0":[1,2],"1":[2,1,0]}}
,"/Users/lukeaveil/claude_experiments/familybrief/src/lib/briefing/week.ts": {"path":"/Users/lukeaveil/claude_experiments/familybrief/src/lib/briefing/week.ts","statementMap":{"0":{"start":{"line":39,"column":16},"end":{"line":39,"column":33}},"1":{"start":{"line":34,"column":16},"end":{"line":34,"column":24}},"2":{"start":{"line":29,"column":16},"end":{"line":29,"column":26}},"3":{"start":{"line":24,"column":16},"end":{"line":24,"column":28}},"4":{"start":{"line":11,"column":16},"end":{"line":11,"column":28}},"5":{"start":{"line":4,"column":16},"end":{"line":4,"column":31}},"6":{"start":{"line":1,"column":19},"end":{"line":1,"column":null}},"7":{"start":{"line":5,"column":2},"end":{"line":5,"column":null}},"8":{"start":{"line":12,"column":17},"end":{"line":12,"column":null}},"9":{"start":{"line":13,"column":2},"end":{"line":15,"column":null}},"10":{"start":{"line":14,"column":4},"end":{"line":14,"column":null}},"11":{"start":{"line":16,"column":16},"end":{"line":16,"column":null}},"12":{"start":{"line":17,"column":2},"end":{"line":19,"column":null}},"13":{"start":{"line":18,"column":4},"end":{"line":18,"column":null}},"14":{"start":{"line":20,"column":2},"end":{"line":20,"column":null}},"15":{"start":{"line":25,"column":2},"end":{"line":25,"column":null}},"16":{"start":{"line":30,"column":2},"end":{"line":30,"column":null}},"17":{"start":{"line":35,"column":2},"end":{"line":35,"column":null}},"18":{"start":{"line":40,"column":2},"end":{"line":40,"column":null}}},"fnMap":{"0":{"name":"toIsoDateString","decl":{"start":{"line":4,"column":16},"end":{"line":4,"column":31}},"loc":{"start":{"line":4,"column":39},"end":{"line":6,"column":null}}},"1":{"name":"parseIsoDate","decl":{"start":{"line":11,"column":16},"end":{"line":11,"column":28}},"loc":{"start":{"line":11,"column":38},"end":{"line":21,"column":null}}},"2":{"name":"getWeekStart","decl":{"start":{"line":24,"column":16},"end":{"line":24,"column":28}},"loc":{"start":{"line":24,"column":39},"end":{"line":26,"column":null}}},"3":{"name":"getWeekEnd","decl":{"start":{"line":29,"column":16},"end":{"line":29,"column":26}},"loc":{"start":{"line":29,"column":48},"end":{"line":31,"column":null}}},"4":{"name":"getToday","decl":{"start":{"line":34,"column":16},"end":{"line":34,"column":24}},"loc":{"start":{"line":34,"column":16},"end":{"line":36,"column":null}}},"5":{"name":"formatWeekOfLabel","decl":{"start":{"line":39,"column":16},"end":{"line":39,"column":33}},"loc":{"start":{"line":39,"column":55},"end":{"line":41,"column":null}}}},"branchMap":{"0":{"loc":{"start":{"line":13,"column":2},"end":{"line":15,"column":null}},"type":"if","locations":[{"start":{"line":13,"column":2},"end":{"line":15,"column":null}},{"start":{},"end":{}}]},"1":{"loc":{"start":{"line":17,"column":2},"end":{"line":19,"column":null}},"type":"if","locations":[{"start":{"line":17,"column":2},"end":{"line":19,"column":null}},{"start":{},"end":{}}]}},"s":{"0":5,"1":4,"2":5,"3":8,"4":13,"5":10,"6":5,"7":10,"8":12,"9":12,"10":12,"11":0,"12":0,"13":0,"14":0,"15":9,"16":6,"17":3,"18":6},"f":{"0":10,"1":12,"2":9,"3":6,"4":3,"5":6},"b":{"0":[12,0],"1":[0,0]}}
,"/Users/lukeaveil/claude_experiments/familybrief/src/services/briefingService.ts": {"path":"/Users/lukeaveil/claude_experiments/familybrief/src/services/briefingService.ts","statementMap":{"0":{"start":{"line":36,"column":22},"end":{"line":36,"column":43}},"1":{"start":{"line":97,"column":22},"end":{"line":97,"column":41}},"2":{"start":{"line":20,"column":2},"end":{"line":20,"column":null}},"3":{"start":{"line":19,"column":2},"end":{"line":19,"column":null}},"4":{"start":{"line":21,"column":2},"end":{"line":21,"column":null}},"5":{"start":{"line":123,"column":22},"end":{"line":123,"column":55}},"6":{"start":{"line":77,"column":22},"end":{"line":77,"column":43}},"7":{"start":{"line":22,"column":2},"end":{"line":22,"column":null}},"8":{"start":{"line":1,"column":39},"end":{"line":1,"column":null}},"9":{"start":{"line":2,"column":40},"end":{"line":2,"column":null}},"10":{"start":{"line":10,"column":7},"end":{"line":10,"column":null}},"11":{"start":{"line":11,"column":43},"end":{"line":11,"column":null}},"12":{"start":{"line":12,"column":30},"end":{"line":12,"column":null}},"13":{"start":{"line":13,"column":36},"end":{"line":13,"column":null}},"14":{"start":{"line":14,"column":31},"end":{"line":14,"column":null}},"15":{"start":{"line":40,"column":20},"end":{"line":40,"column":null}},"16":{"start":{"line":41,"column":18},"end":{"line":41,"column":null}},"17":{"start":{"line":43,"column":18},"end":{"line":43,"column":null}},"18":{"start":{"line":44,"column":2},"end":{"line":44,"column":null}},"19":{"start":{"line":44,"column":16},"end":{"line":44,"column":null}},"20":{"start":{"line":46,"column":17},"end":{"line":49,"column":null}},"21":{"start":{"line":51,"column":26},"end":{"line":58,"column":null}},"22":{"start":{"line":51,"column":52},"end":{"line":58,"column":null}},"23":{"start":{"line":60,"column":18},"end":{"line":63,"column":null}},"24":{"start":{"line":66,"column":2},"end":{"line":70,"column":null}},"25":{"start":{"line":81,"column":19},"end":{"line":81,"column":null}},"26":{"start":{"line":82,"column":2},"end":{"line":91,"column":null}},"27":{"start":{"line":83,"column":15},"end":{"line":83,"column":null}},"28":{"start":{"line":84,"column":4},"end":{"line":84,"column":null}},"29":{"start":{"line":84,"column":26},"end":{"line":84,"column":null}},"30":{"start":{"line":85,"column":4},"end":{"line":85,"column":null}},"31":{"start":{"line":86,"column":4},"end":{"line":90,"column":null}},"32":{"start":{"line":87,"column":6},"end":{"line":87,"column":null}},"33":{"start":{"line":89,"column":6},"end":{"line":89,"column":null}},"34":{"start":{"line":100,"column":15},"end":{"line":100,"column":null}},"35":{"start":{"line":101,"column":2},"end":{"line":101,"column":null}},"36":{"start":{"line":101,"column":20},"end":{"line":101,"column":null}},"37":{"start":{"line":103,"column":35},"end":{"line":103,"column":37}},"38":{"start":{"line":104,"column":2},"end":{"line":119,"column":null}},"39":{"start":{"line":105,"column":20},"end":{"line":105,"column":null}},"40":{"start":{"line":106,"column":19},"end":{"line":109,"column":null}},"41":{"start":{"line":110,"column":4},"end":{"line":118,"column":null}},"42":{"start":{"line":120,"column":2},"end":{"line":120,"column":null}},"43":{"start":{"line":124,"column":26},"end":{"line":127,"column":null}},"44":{"start":{"line":129,"column":2},"end":{"line":131,"column":null}},"45":{"start":{"line":130,"column":4},"end":{"line":130,"column":null}},"46":{"start":{"line":133,"column":18},"end":{"line":184,"column":null}},"47":{"start":{"line":135,"column":24},"end":{"line":135,"column":null}},"48":{"start":{"line":136,"column":22},"end":{"line":136,"column":null}},"49":{"start":{"line":138,"column":31},"end":{"line":144,"column":null}},"50":{"start":{"line":146,"column":30},"end":{"line":160,"column":null}},"51":{"start":{"line":153,"column":13},"end":{"line":160,"column":null}},"52":{"start":{"line":162,"column":23},"end":{"line":165,"column":null}},"53":{"start":{"line":168,"column":20},"end":{"line":173,"column":null}},"54":{"start":{"line":175,"column":21},"end":{"line":175,"column":null}},"55":{"start":{"line":176,"column":6},"end":{"line":183,"column":null}},"56":{"start":{"line":187,"column":2},"end":{"line":190,"column":null}},"57":{"start":{"line":188,"column":32},"end":{"line":188,"column":58}}},"fnMap":{"0":{"name":"ensureBriefingForWeek","decl":{"start":{"line":36,"column":22},"end":{"line":36,"column":43}},"loc":{"start":{"line":38,"column":19},"end":{"line":71,"column":null}}},"1":{"name":"(anonymous_10)","decl":{"start":{"line":51,"column":37},"end":{"line":51,"column":38}},"loc":{"start":{"line":51,"column":52},"end":{"line":58,"column":null}}},"2":{"name":"syncBriefingsForDates","decl":{"start":{"line":77,"column":22},"end":{"line":77,"column":43}},"loc":{"start":{"line":79,"column":17},"end":{"line":92,"column":null}}},"3":{"name":"getBriefingsForUser","decl":{"start":{"line":97,"column":22},"end":{"line":97,"column":41}},"loc":{"start":{"line":98,"column":16},"end":{"line":121,"column":null}}},"4":{"name":"sendWeeklyBriefingsForActiveUsers","decl":{"start":{"line":123,"column":22},"end":{"line":123,"column":55}},"loc":{"start":{"line":123,"column":22},"end":{"line":191,"column":null}}},"5":{"name":"(anonymous_14)","decl":{"start":{"line":134,"column":14},"end":{"line":134,"column":21}},"loc":{"start":{"line":134,"column":21},"end":{"line":184,"column":null}}},"6":{"name":"(anonymous_15)","decl":{"start":{"line":146,"column":49},"end":{"line":146,"column":50}},"loc":{"start":{"line":153,"column":13},"end":{"line":160,"column":null}}},"7":{"name":"(anonymous_16)","decl":{"start":{"line":188,"column":25},"end":{"line":188,"column":26}},"loc":{"start":{"line":188,"column":32},"end":{"line":188,"column":58}}}},"branchMap":{"0":{"loc":{"start":{"line":44,"column":2},"end":{"line":44,"column":null}},"type":"if","locations":[{"start":{"line":44,"column":2},"end":{"line":44,"column":null}},{"start":{},"end":{}}]},"1":{"loc":{"start":{"line":55,"column":18},"end":{"line":55,"column":null}},"type":"binary-expr","locations":[{"start":{"line":55,"column":18},"end":{"line":55,"column":42}},{"start":{"line":55,"column":42},"end":{"line":55,"column":null}}]},"2":{"loc":{"start":{"line":84,"column":4},"end":{"line":84,"column":null}},"type":"if","locations":[{"start":{"line":84,"column":4},"end":{"line":84,"column":null}},{"start":{},"end":{}}]},"3":{"loc":{"start":{"line":101,"column":2},"end":{"line":101,"column":null}},"type":"if","locations":[{"start":{"line":101,"column":2},"end":{"line":101,"column":null}},{"start":{},"end":{}}]},"4":{"loc":{"start":{"line":116,"column":14},"end":{"line":116,"column":null}},"type":"binary-expr","locations":[{"start":{"line":116,"column":14},"end":{"line":116,"column":24}},{"start":{"line":116,"column":28},"end":{"line":116,"column":null}}]},"5":{"loc":{"start":{"line":129,"column":2},"end":{"line":131,"column":null}},"type":"if","locations":[{"start":{"line":129,"column":2},"end":{"line":131,"column":null}},{"start":{},"end":{}}]},"6":{"loc":{"start":{"line":146,"column":31},"end":{"line":146,"column":43}},"type":"binary-expr","locations":[{"start":{"line":146,"column":31},"end":{"line":146,"column":41}},{"start":{"line":146,"column":41},"end":{"line":146,"column":43}}]},"7":{"loc":{"start":{"line":156,"column":14},"end":{"line":156,"column":null}},"type":"binary-expr","locations":[{"start":{"line":156,"column":14},"end":{"line":156,"column":20}},{"start":{"line":156,"column":24},"end":{"line":156,"column":null}}]},"8":{"loc":{"start":{"line":157,"column":22},"end":{"line":157,"column":null}},"type":"binary-expr","locations":[{"start":{"line":157,"column":22},"end":{"line":157,"column":48}},{"start":{"line":157,"column":48},"end":{"line":157,"column":null}}]},"9":{"loc":{"start":{"line":159,"column":18},"end":{"line":159,"column":null}},"type":"binary-expr","locations":[{"start":{"line":159,"column":18},"end":{"line":159,"column":28}},{"start":{"line":159,"column":32},"end":{"line":159,"column":null}}]}},"s":{"0":0,"1":0,"2":0,"3":0,"4":0,"5":3,"6":0,"7":0,"8":1,"9":1,"10":1,"11":1,"12":1,"13":1,"14":1,"15":0,"16":0,"17":0,"18":0,"19":0,"20":0,"21":0,"22":0,"23":0,"24":0,"25":0,"26":0,"27":0,"28":0,"29":0,"30":0,"31":0,"32":0,"33":0,"34":0,"35":0,"36":0,"37":0,"38":0,"39":0,"40":0,"41":0,"42":0,"43":3,"44":3,"45":0,"46":3,"47":3,"48":3,"49":3,"50":3,"51":1,"52":3,"53":3,"54":2,"55":2,"56":3,"57":3},"f":{"0":0,"1":0,"2":0,"3":0,"4":3,"5":3,"6":1,"7":3},"b":{"0":[0,0],"1":[0,0],"2":[0,0],"3":[0,0],"4":[0,0],"5":[0,3],"6":[3,0],"7":[1,0],"8":[1,0],"9":[1,0]}}
,"/Users/lukeaveil/claude_experiments/familybrief/src/services/parseImageService.ts": {"path":"/Users/lukeaveil/claude_experiments/familybrief/src/services/parseImageService.ts","statementMap":{"0":{"start":{"line":20,"column":2},"end":{"line":20,"column":null}},"1":{"start":{"line":21,"column":2},"end":{"line":21,"column":null}},"2":{"start":{"line":22,"column":2},"end":{"line":22,"column":null}},"3":{"start":{"line":23,"column":2},"end":{"line":23,"column":null}},"4":{"start":{"line":54,"column":22},"end":{"line":54,"column":48}},"5":{"start":{"line":72,"column":13},"end":{"line":72,"column":30}},"6":{"start":{"line":38,"column":22},"end":{"line":38,"column":39}},"7":{"start":{"line":24,"column":2},"end":{"line":24,"column":null}},"8":{"start":{"line":77,"column":22},"end":{"line":77,"column":45}},"9":{"start":{"line":25,"column":2},"end":{"line":25,"column":null}},"10":{"start":{"line":26,"column":2},"end":{"line":26,"column":null}},"11":{"start":{"line":1,"column":40},"end":{"line":1,"column":null}},"12":{"start":{"line":2,"column":30},"end":{"line":2,"column":null}},"13":{"start":{"line":10,"column":7},"end":{"line":10,"column":null}},"14":{"start":{"line":14,"column":7},"end":{"line":14,"column":null}},"15":{"start":{"line":15,"column":38},"end":{"line":15,"column":null}},"16":{"start":{"line":41,"column":26},"end":{"line":44,"column":null}},"17":{"start":{"line":46,"column":2},"end":{"line":49,"column":null}},"18":{"start":{"line":47,"column":4},"end":{"line":47,"column":null}},"19":{"start":{"line":48,"column":4},"end":{"line":48,"column":null}},"20":{"start":{"line":51,"column":2},"end":{"line":51,"column":null}},"21":{"start":{"line":57,"column":36},"end":{"line":60,"column":null}},"22":{"start":{"line":62,"column":2},"end":{"line":65,"column":null}},"23":{"start":{"line":63,"column":4},"end":{"line":63,"column":null}},"24":{"start":{"line":64,"column":4},"end":{"line":64,"column":null}},"25":{"start":{"line":67,"column":16},"end":{"line":67,"column":30}},"26":{"start":{"line":68,"column":2},"end":{"line":68,"column":null}},"27":{"start":{"line":72,"column":33},"end":{"line":72,"column":null}},"28":{"start":{"line":81,"column":21},"end":{"line":81,"column":null}},"29":{"start":{"line":82,"column":2},"end":{"line":84,"column":null}},"30":{"start":{"line":83,"column":4},"end":{"line":83,"column":null}},"31":{"start":{"line":86,"column":20},"end":{"line":86,"column":null}},"32":{"start":{"line":87,"column":2},"end":{"line":94,"column":null}},"33":{"start":{"line":88,"column":4},"end":{"line":93,"column":null}},"34":{"start":{"line":96,"column":24},"end":{"line":96,"column":null}},"35":{"start":{"line":97,"column":2},"end":{"line":99,"column":null}},"36":{"start":{"line":98,"column":4},"end":{"line":98,"column":null}},"37":{"start":{"line":100,"column":22},"end":{"line":100,"column":null}},"38":{"start":{"line":103,"column":2},"end":{"line":119,"column":null}},"39":{"start":{"line":104,"column":19},"end":{"line":104,"column":null}},"40":{"start":{"line":105,"column":4},"end":{"line":108,"column":null}},"41":{"start":{"line":111,"column":17},"end":{"line":111,"column":null}},"42":{"start":{"line":112,"column":4},"end":{"line":112,"column":null}},"43":{"start":{"line":113,"column":4},"end":{"line":118,"column":null}},"44":{"start":{"line":121,"column":2},"end":{"line":123,"column":null}},"45":{"start":{"line":122,"column":4},"end":{"line":122,"column":null}},"46":{"start":{"line":125,"column":15},"end":{"line":128,"column":null}},"47":{"start":{"line":129,"column":2},"end":{"line":131,"column":null}},"48":{"start":{"line":130,"column":4},"end":{"line":130,"column":null}},"49":{"start":{"line":133,"column":19},"end":{"line":133,"column":null}},"50":{"start":{"line":134,"column":2},"end":{"line":136,"column":null}},"51":{"start":{"line":135,"column":4},"end":{"line":135,"column":null}},"52":{"start":{"line":138,"column":2},"end":{"line":138,"column":null}},"53":{"start":{"line":138,"column":54},"end":{"line":138,"column":60}},"54":{"start":{"line":140,"column":2},"end":{"line":144,"column":null}}},"fnMap":{"0":{"name":"loadFamilyMembers","decl":{"start":{"line":38,"column":22},"end":{"line":38,"column":39}},"loc":{"start":{"line":39,"column":16},"end":{"line":52,"column":null}}},"1":{"name":"insertCalendarImportEvents","decl":{"start":{"line":54,"column":22},"end":{"line":54,"column":48}},"loc":{"start":{"line":55,"column":32},"end":{"line":69,"column":null}}},"2":{"name":"processParseImageUpload","decl":{"start":{"line":77,"column":22},"end":{"line":77,"column":45}},"loc":{"start":{"line":79,"column":12},"end":{"line":145,"column":null}}},"3":{"name":"(anonymous_15)","decl":{"start":{"line":138,"column":47},"end":{"line":138,"column":48}},"loc":{"start":{"line":138,"column":54},"end":{"line":138,"column":60}}}},"branchMap":{"0":{"loc":{"start":{"line":46,"column":2},"end":{"line":49,"column":null}},"type":"if","locations":[{"start":{"line":46,"column":2},"end":{"line":49,"column":null}},{"start":{},"end":{}}]},"1":{"loc":{"start":{"line":51,"column":30},"end":{"line":51,"column":40}},"type":"binary-expr","locations":[{"start":{"line":51,"column":30},"end":{"line":51,"column":38}},{"start":{"line":51,"column":38},"end":{"line":51,"column":40}}]},"2":{"loc":{"start":{"line":62,"column":2},"end":{"line":65,"column":null}},"type":"if","locations":[{"start":{"line":62,"column":2},"end":{"line":65,"column":null}},{"start":{},"end":{}}]},"3":{"loc":{"start":{"line":67,"column":16},"end":{"line":67,"column":30}},"type":"binary-expr","locations":[{"start":{"line":67,"column":16},"end":{"line":67,"column":28}},{"start":{"line":67,"column":28},"end":{"line":67,"column":30}}]},"4":{"loc":{"start":{"line":82,"column":2},"end":{"line":84,"column":null}},"type":"if","locations":[{"start":{"line":82,"column":2},"end":{"line":84,"column":null}},{"start":{},"end":{}}]},"5":{"loc":{"start":{"line":87,"column":2},"end":{"line":94,"column":null}},"type":"if","locations":[{"start":{"line":87,"column":2},"end":{"line":94,"column":null}},{"start":{},"end":{}}]},"6":{"loc":{"start":{"line":97,"column":2},"end":{"line":99,"column":null}},"type":"if","locations":[{"start":{"line":97,"column":2},"end":{"line":99,"column":null}},{"start":{},"end":{}}]},"7":{"loc":{"start":{"line":121,"column":2},"end":{"line":123,"column":null}},"type":"if","locations":[{"start":{"line":121,"column":2},"end":{"line":123,"column":null}},{"start":{},"end":{}}]},"8":{"loc":{"start":{"line":121,"column":6},"end":{"line":121,"column":59}},"type":"binary-expr","locations":[{"start":{"line":121,"column":6},"end":{"line":121,"column":35}},{"start":{"line":121,"column":35},"end":{"line":121,"column":59}}]},"9":{"loc":{"start":{"line":129,"column":2},"end":{"line":131,"column":null}},"type":"if","locations":[{"start":{"line":129,"column":2},"end":{"line":131,"column":null}},{"start":{},"end":{}}]},"10":{"loc":{"start":{"line":134,"column":2},"end":{"line":136,"column":null}},"type":"if","locations":[{"start":{"line":134,"column":2},"end":{"line":136,"column":null}},{"start":{},"end":{}}]}},"s":{"0":1,"1":1,"2":5,"3":1,"4":2,"5":0,"6":2,"7":4,"8":7,"9":5,"10":6,"11":1,"12":1,"13":1,"14":1,"15":1,"16":7,"17":7,"18":2,"19":2,"20":5,"21":3,"22":3,"23":1,"24":1,"25":2,"26":2,"27":1,"28":7,"29":7,"30":1,"31":6,"32":6,"33":1,"34":5,"35":5,"36":1,"37":4,"38":4,"39":4,"40":4,"41":1,"42":1,"43":1,"44":3,"45":1,"46":2,"47":2,"48":1,"49":1,"50":1,"51":0,"52":1,"53":1,"54":1},"f":{"0":7,"1":3,"2":7,"3":1},"b":{"0":[2,5],"1":[5,0],"2":[1,2],"3":[2,0],"4":[1,6],"5":[1,5],"6":[1,4],"7":[1,2],"8":[3,3],"9":[1,1],"10":[0,1]}}
,"/Users/lukeaveil/claude_experiments/familybrief/src/services/userService.ts": {"path":"/Users/lukeaveil/claude_experiments/familybrief/src/services/userService.ts","statementMap":{"0":{"start":{"line":26,"column":22},"end":{"line":26,"column":36}},"1":{"start":{"line":41,"column":22},"end":{"line":41,"column":46}},"2":{"start":{"line":1,"column":30},"end":{"line":1,"column":null}},"3":{"start":{"line":18,"column":2},"end":{"line":23,"column":null}},"4":{"start":{"line":27,"column":26},"end":{"line":31,"column":null}},"5":{"start":{"line":33,"column":2},"end":{"line":35,"column":null}},"6":{"start":{"line":34,"column":4},"end":{"line":34,"column":null}},"7":{"start":{"line":37,"column":2},"end":{"line":37,"column":null}},"8":{"start":{"line":37,"column":13},"end":{"line":37,"column":null}},"9":{"start":{"line":38,"column":2},"end":{"line":38,"column":null}},"10":{"start":{"line":45,"column":26},"end":{"line":57,"column":null}},"11":{"start":{"line":59,"column":2},"end":{"line":61,"column":null}},"12":{"start":{"line":60,"column":4},"end":{"line":60,"column":null}},"13":{"start":{"line":63,"column":2},"end":{"line":63,"column":null}}},"fnMap":{"0":{"name":"mapUserRow","decl":{"start":{"line":17,"column":9},"end":{"line":17,"column":20}},"loc":{"start":{"line":17,"column":32},"end":{"line":24,"column":null}}},"1":{"name":"getUserProfile","decl":{"start":{"line":26,"column":22},"end":{"line":26,"column":36}},"loc":{"start":{"line":26,"column":51},"end":{"line":39,"column":null}}},"2":{"name":"upsertUserProfileForUser","decl":{"start":{"line":41,"column":22},"end":{"line":41,"column":46}},"loc":{"start":{"line":43,"column":60},"end":{"line":64,"column":null}}}},"branchMap":{"0":{"loc":{"start":{"line":21,"column":10},"end":{"line":21,"column":null}},"type":"binary-expr","locations":[{"start":{"line":21,"column":10},"end":{"line":21,"column":18}},{"start":{"line":21,"column":22},"end":{"line":21,"column":null}}]},"1":{"loc":{"start":{"line":22,"column":16},"end":{"line":22,"column":null}},"type":"binary-expr","locations":[{"start":{"line":22,"column":16},"end":{"line":22,"column":31}},{"start":{"line":22,"column":35},"end":{"line":22,"column":null}}]},"2":{"loc":{"start":{"line":33,"column":2},"end":{"line":35,"column":null}},"type":"if","locations":[{"start":{"line":33,"column":2},"end":{"line":35,"column":null}},{"start":{},"end":{}}]},"3":{"loc":{"start":{"line":37,"column":2},"end":{"line":37,"column":null}},"type":"if","locations":[{"start":{"line":37,"column":2},"end":{"line":37,"column":null}},{"start":{},"end":{}}]},"4":{"loc":{"start":{"line":59,"column":2},"end":{"line":61,"column":null}},"type":"if","locations":[{"start":{"line":59,"column":2},"end":{"line":61,"column":null}},{"start":{},"end":{}}]}},"s":{"0":3,"1":2,"2":3,"3":2,"4":3,"5":3,"6":1,"7":2,"8":1,"9":1,"10":2,"11":2,"12":1,"13":1},"f":{"0":2,"1":3,"2":2},"b":{"0":[2,0],"1":[2,0],"2":[1,2],"3":[1,1],"4":[1,1]}}
}
