TN:
SF:src/app/api/briefing/generate/route.ts
FN:5,POST
FNF:1
FNH:1
FNDA:2,POST
DA:1,1
DA:2,1
DA:3,1
DA:5,2
DA:6,2
DA:7,2
DA:8,1
DA:11,1
DA:12,1
DA:13,1
DA:25,0
DA:26,0
LF:12
LH:10
BRDA:7,0,0,1
BRDA:7,0,1,1
BRDA:25,1,0,0
BRDA:25,1,1,0
BRF:4
BRH:2
end_of_record
TN:
SF:src/app/api/briefing/list/route.ts
FN:6,GET
FNF:1
FNH:1
FNDA:2,GET
DA:1,1
DA:2,1
DA:3,1
DA:4,1
DA:6,2
DA:7,2
DA:8,2
DA:9,1
DA:12,1
DA:13,1
DA:14,1
DA:17,0
DA:18,0
LF:13
LH:11
BRDA:8,0,0,1
BRDA:8,0,1,1
BRDA:17,1,0,0
BRDA:17,1,1,0
BRF:4
BRH:2
end_of_record
TN:
SF:src/app/api/observability/feedback/route.ts
FN:9,POST
FNF:1
FNH:1
FNDA:3,POST
DA:1,1
DA:5,1
DA:6,1
DA:7,1
DA:9,3
DA:10,3
DA:11,3
DA:12,1
DA:16,2
DA:17,2
DA:19,0
DA:22,2
DA:23,2
DA:24,2
DA:25,0
DA:27,2
DA:28,1
DA:34,1
DA:35,1
DA:38,1
DA:40,0
DA:41,0
DA:44,0
DA:45,0
LF:24
LH:18
BRDA:11,0,0,1
BRDA:11,0,1,2
BRDA:24,1,0,0
BRDA:24,1,1,2
BRDA:24,2,0,2
BRDA:24,2,1,2
BRDA:27,3,0,1
BRDA:27,3,1,1
BRDA:27,4,0,2
BRDA:27,4,1,1
BRDA:40,5,0,0
BRDA:40,5,1,0
BRDA:44,6,0,0
BRDA:44,6,1,0
BRF:14
BRH:9
end_of_record
TN:
SF:src/application/briefing/briefingUseCases.ts
FN:25,(anonymous_5)
FN:28,mapEventsForGenerator
FN:29,(anonymous_7)
FN:43,generateBriefingForUserWeek
FN:107,listBriefingItemsForUser
FN:112,(anonymous_10)
FN:124,(anonymous_11)
FN:130,recordBriefingFeedback
FNF:8
FNH:6
FNDA:0,(anonymous_5)
FNDA:2,mapEventsForGenerator
FNDA:0,(anonymous_7)
FNDA:2,generateBriefingForUserWeek
FNDA:1,listBriefingItemsForUser
FNDA:1,(anonymous_10)
FNDA:1,(anonymous_11)
FNDA:2,recordBriefingFeedback
DA:7,2
DA:13,2
DA:14,2
DA:25,2
DA:26,0
DA:29,2
DA:43,3
DA:55,2
DA:56,2
DA:57,0
DA:60,2
DA:62,2
DA:63,2
DA:64,2
DA:66,2
DA:67,2
DA:69,2
DA:70,2
DA:76,2
DA:77,2
DA:84,2
DA:85,2
DA:94,2
DA:96,2
DA:107,2
DA:111,1
DA:112,1
DA:123,2
DA:125,1
DA:126,1
DA:130,3
DA:136,2
DA:137,2
DA:138,1
DA:140,1
LF:35
LH:33
BRDA:33,0,0,0
BRDA:33,0,1,0
BRDA:56,1,0,0
BRDA:56,1,1,2
BRDA:69,2,0,2
BRDA:69,2,1,0
BRDA:94,3,0,2
BRDA:94,3,1,0
BRDA:116,4,0,1
BRDA:116,4,1,1
BRDA:137,5,0,1
BRDA:137,5,1,1
BRF:12
BRH:7
end_of_record
TN:
SF:src/application/events/eventModule.ts
FN:11,runGetEventsForUser
FN:18,runGetEventForUser
FN:25,runCreateManualEventForUser
FN:36,runDeleteEventForUser
FNF:4
FNH:0
FNDA:0,runGetEventsForUser
FNDA:0,runGetEventForUser
FNDA:0,runCreateManualEventForUser
FNDA:0,runDeleteEventForUser
DA:6,1
DA:7,1
DA:11,0
DA:15,0
DA:18,0
DA:22,0
DA:25,0
DA:29,0
DA:36,0
DA:40,0
LF:10
LH:2
BRF:0
BRH:0
end_of_record
TN:
SF:src/application/events/eventUseCases.ts
FN:8,getEventsForUser
FN:16,getEventForUser
FN:24,createManualEventForUser
FN:32,deleteEventForUser
FNF:4
FNH:0
FNDA:0,getEventsForUser
FNDA:0,getEventForUser
FNDA:0,createManualEventForUser
FNDA:0,deleteEventForUser
DA:8,0
DA:13,0
DA:16,0
DA:21,0
DA:24,0
DA:29,0
DA:32,0
DA:37,0
LF:8
LH:0
BRF:0
BRH:0
end_of_record
TN:
SF:src/components/calendar/AddEventModal.tsx
FN:13,AddEventModal
FN:25,(anonymous_2)
FN:36,(anonymous_3)
FN:49,(anonymous_4)
FN:58,(anonymous_5)
FN:63,(anonymous_6)
FN:69,(anonymous_7)
FN:75,(anonymous_8)
FN:85,(anonymous_9)
FN:87,(anonymous_10)
FN:96,(anonymous_11)
FNF:11
FNH:5
FNDA:17,AddEventModal
FNDA:1,(anonymous_2)
FNDA:4,(anonymous_3)
FNDA:11,(anonymous_4)
FNDA:0,(anonymous_5)
FNDA:0,(anonymous_6)
FNDA:0,(anonymous_7)
FNDA:0,(anonymous_8)
FNDA:0,(anonymous_9)
FNDA:17,(anonymous_10)
FNDA:0,(anonymous_11)
DA:3,1
DA:13,4
DA:14,17
DA:23,17
DA:25,17
DA:26,1
DA:27,1
DA:28,1
DA:29,1
DA:30,1
DA:31,1
DA:36,4
DA:49,11
DA:58,0
DA:63,0
DA:69,0
DA:75,0
DA:85,0
DA:88,17
DA:96,0
LF:20
LH:14
BRDA:27,0,0,0
BRDA:27,0,1,1
BRDA:102,1,0,1
BRDA:102,1,1,16
BRF:4
BRH:3
end_of_record
TN:
SF:src/components/calendar/CalendarGrid.tsx
FN:16,CalendarGrid
FN:23,(anonymous_2)
FN:27,(anonymous_3)
FN:29,(anonymous_4)
FN:44,(anonymous_5)
FN:47,(anonymous_6)
FN:63,(anonymous_7)
FN:67,(anonymous_8)
FNF:8
FNH:8
FNDA:4,CalendarGrid
FNDA:124,(anonymous_2)
FNDA:124,(anonymous_3)
FNDA:31,(anonymous_4)
FNDA:28,(anonymous_5)
FNDA:124,(anonymous_6)
FNDA:1,(anonymous_7)
FNDA:1,(anonymous_8)
DA:13,1
DA:14,1
DA:16,4
DA:17,4
DA:18,4
DA:19,4
DA:21,4
DA:22,4
DA:23,4
DA:24,124
DA:27,4
DA:28,124
DA:29,124
DA:32,4
DA:45,28
DA:48,124
DA:49,124
DA:50,124
DA:51,124
DA:52,124
DA:53,124
DA:55,124
DA:63,1
DA:68,1
LF:24
LH:24
BRDA:24,0,0,0
BRDA:24,0,1,124
BRDA:48,1,0,0
BRDA:48,1,1,124
BRDA:53,2,0,1
BRDA:53,2,1,123
BRDA:53,3,0,0
BRDA:53,3,1,1
BRDA:59,4,0,4
BRDA:59,4,1,120
BRDA:59,5,0,4
BRDA:59,5,1,120
BRDA:71,6,0,1
BRDA:71,6,1,0
BRDA:75,7,0,124
BRF:15
BRH:11
end_of_record
TN:
SF:src/components/calendar/EventSidebar.tsx
FN:17,EventSidebar
FN:35,(anonymous_2)
FN:36,(anonymous_3)
FN:42,(anonymous_4)
FNF:4
FNH:4
FNDA:5,EventSidebar
FNDA:2,(anonymous_2)
FNDA:2,(anonymous_3)
FNDA:1,(anonymous_4)
DA:13,1
DA:17,5
DA:18,5
DA:36,2
DA:37,2
DA:42,1
LF:6
LH:6
BRDA:28,0,0,3
BRDA:38,1,0,2
BRDA:38,1,1,0
BRDA:40,2,0,2
BRDA:40,2,1,0
BRDA:45,3,0,2
BRDA:46,4,0,2
BRDA:47,5,0,2
BRDA:52,6,0,2
BRDA:54,7,0,2
BRF:10
BRH:8
end_of_record
TN:
SF:src/components/calendar/WeekStrip.tsx
FN:11,WeekStrip
FN:13,(anonymous_2)
FN:27,(anonymous_3)
FN:31,(anonymous_4)
FN:41,(anonymous_5)
FNF:5
FNH:4
FNDA:1,WeekStrip
FNDA:7,(anonymous_2)
FNDA:7,(anonymous_3)
FNDA:0,(anonymous_4)
FNDA:1,(anonymous_5)
DA:11,1
DA:12,1
DA:13,1
DA:14,7
DA:15,7
DA:16,7
DA:19,1
DA:28,7
DA:29,7
DA:30,7
DA:31,7
DA:32,7
DA:34,7
DA:41,1
LF:14
LH:14
BRDA:32,0,0,0
BRDA:32,0,1,7
BRDA:32,1,0,1
BRDA:32,1,1,6
BRDA:38,2,0,1
BRDA:38,2,1,6
BRDA:38,3,0,0
BRDA:38,3,1,7
BRDA:45,4,0,7
BRDA:46,5,0,0
BRDA:46,5,1,0
BRF:11
BRH:7
end_of_record
TN:
SF:src/domain/calendarImport/extractedEvents.ts
FN:30,coerceIsoDate
FN:35,normalizeNullableString
FN:41,normalizeCategory
FN:48,resolveFamilyMemberId
FN:53,(anonymous_10)
FN:65,mapExtractedItemToInsertRow
FN:94,buildInsertRowsFromExtracted
FN:101,(anonymous_13)
FN:102,(anonymous_14)
FNF:9
FNH:9
FNDA:15,coerceIsoDate
FNDA:18,normalizeNullableString
FNDA:6,normalizeCategory
FNDA:6,resolveFamilyMemberId
FNDA:1,(anonymous_10)
FNDA:10,mapExtractedItemToInsertRow
FNDA:4,buildInsertRowsFromExtracted
FNDA:5,(anonymous_13)
FNDA:5,(anonymous_14)
DA:3,2
DA:27,2
DA:30,5
DA:31,15
DA:32,7
DA:36,18
DA:37,3
DA:38,3
DA:41,0
DA:42,6
DA:43,2
DA:45,4
DA:52,6
DA:53,1
DA:65,5
DA:71,10
DA:72,10
DA:73,10
DA:76,6
DA:80,6
DA:94,4
DA:100,4
DA:101,5
DA:102,5
LF:24
LH:23
BRDA:31,0,0,8
BRDA:31,0,1,7
BRDA:31,1,0,15
BRDA:31,1,1,10
BRDA:36,2,0,15
BRDA:36,2,1,3
BRDA:36,3,0,18
BRDA:36,3,1,18
BRDA:37,4,0,0
BRDA:37,4,1,3
BRDA:37,5,0,3
BRDA:37,5,1,3
BRDA:42,6,0,2
BRDA:42,6,1,4
BRDA:42,7,0,6
BRDA:42,7,1,3
BRDA:52,8,0,5
BRDA:52,8,1,1
BRDA:53,9,0,1
BRDA:53,9,1,0
BRDA:73,10,0,4
BRDA:73,10,1,6
BRDA:76,11,0,5
BRDA:76,11,1,1
BRDA:76,12,0,6
BRDA:76,12,1,5
BRF:26
BRH:24
end_of_record
TN:
SF:src/domain/calendarImport/index.ts
FNF:0
FNH:0
DA:2,0
DA:6,4
DA:7,5
DA:8,5
DA:9,0
DA:10,2
DA:12,1
DA:13,5
DA:14,11
DA:15,13
DA:17,2
LF:11
LH:9
BRF:0
BRH:0
end_of_record
TN:
SF:src/domain/calendarImport/uploadMedia.ts
FN:5,extMimeFromFilename
FN:19,resolveMediaTypeForVision
FN:32,validateUploadedFile
FN:45,fileToBase64
FNF:4
FNH:4
FNDA:2,extMimeFromFilename
FNDA:11,resolveMediaTypeForVision
FNDA:13,validateUploadedFile
FNDA:5,fileToBase64
DA:1,2
DA:3,2
DA:6,2
DA:7,2
DA:8,1
DA:9,0
DA:10,0
DA:11,0
DA:12,0
DA:19,11
DA:20,11
DA:21,10
DA:22,4
DA:23,2
DA:25,2
DA:32,13
DA:33,13
DA:34,3
DA:36,10
DA:37,2
DA:39,8
DA:40,1
DA:42,7
DA:45,5
DA:46,5
DA:47,5
LF:26
LH:22
BRDA:7,0,0,1
BRDA:7,0,1,1
BRDA:8,1,0,1
BRDA:8,1,1,0
BRDA:8,2,0,1
BRDA:8,2,1,0
BRDA:9,3,0,0
BRDA:9,3,1,0
BRDA:10,4,0,0
BRDA:10,4,1,0
BRDA:11,5,0,0
BRDA:11,5,1,0
BRDA:20,6,0,1
BRDA:20,6,1,10
BRDA:21,7,0,6
BRDA:21,7,1,4
BRDA:21,8,0,10
BRDA:21,8,1,8
BRDA:22,9,0,2
BRDA:22,9,1,2
BRDA:23,10,0,0
BRDA:23,10,1,2
BRDA:33,11,0,3
BRDA:33,11,1,10
BRDA:33,12,0,13
BRDA:33,12,1,11
BRDA:36,13,0,2
BRDA:36,13,1,8
BRDA:39,14,0,1
BRDA:39,14,1,7
BRF:30
BRH:21
end_of_record
TN:
SF:src/infrastructure/events/supabaseEventRepository.ts
FN:27,mapEventRow
FN:52,(anonymous_4)
FN:71,(anonymous_5)
FN:84,(anonymous_6)
FN:108,(anonymous_7)
FNF:5
FNH:2
FNDA:3,mapEventRow
FNDA:2,(anonymous_4)
FNDA:0,(anonymous_5)
FNDA:0,(anonymous_6)
FNDA:0,(anonymous_7)
DA:4,3
DA:27,2
DA:28,3
DA:51,3
DA:53,2
DA:59,2
DA:60,2
DA:62,2
DA:64,2
DA:65,1
DA:68,1
DA:72,0
DA:79,0
DA:80,0
DA:81,0
DA:85,0
DA:101,0
DA:102,0
DA:105,0
DA:109,0
DA:115,0
DA:116,0
LF:22
LH:11
BRDA:32,0,0,1
BRDA:32,0,1,2
BRDA:40,1,0,3
BRDA:40,1,1,2
BRDA:42,2,0,3
BRDA:42,2,1,2
BRDA:43,3,0,3
BRDA:43,3,1,2
BRDA:46,4,0,3
BRDA:46,4,1,3
BRDA:59,5,0,0
BRDA:59,5,1,2
BRDA:60,6,0,0
BRDA:60,6,1,2
BRDA:64,7,0,1
BRDA:64,7,1,1
BRDA:68,8,0,1
BRDA:68,8,1,0
BRDA:79,9,0,0
BRDA:79,9,1,0
BRDA:80,10,0,0
BRDA:80,10,1,0
BRDA:91,11,0,0
BRDA:91,11,1,0
BRDA:92,12,0,0
BRDA:92,12,1,0
BRDA:94,13,0,0
BRDA:94,13,1,0
BRDA:95,14,0,0
BRDA:95,14,1,0
BRDA:101,15,0,0
BRDA:101,15,1,0
BRDA:115,16,0,0
BRDA:115,16,1,0
BRF:34
BRH:15
end_of_record
TN:
SF:src/infrastructure/family/supabaseFamilyRepository.ts
FN:16,mapFamilyMemberRow
FN:28,(anonymous_2)
FN:41,(anonymous_3)
FNF:3
FNH:2
FNDA:1,mapFamilyMemberRow
FNDA:2,(anonymous_2)
FNDA:0,(anonymous_3)
DA:4,1
DA:17,1
DA:27,2
DA:29,2
DA:34,2
DA:35,1
DA:38,1
DA:42,0
DA:54,0
DA:55,0
DA:58,0
LF:11
LH:7
BRDA:22,0,0,1
BRDA:22,0,1,0
BRDA:34,1,0,1
BRDA:34,1,1,1
BRDA:38,2,0,1
BRDA:38,2,1,0
BRDA:48,3,0,0
BRDA:48,3,1,0
BRDA:54,4,0,0
BRDA:54,4,1,0
BRF:10
BRH:4
end_of_record
TN:
SF:src/lib/anthropic.ts
FN:18,parseJsonArrayFromAssistantText
FN:31,parseEmailToEvents
FN:42,(anonymous_11)
FN:67,parseImageOrPdfToEvents
FN:73,(anonymous_13)
FN:136,(anonymous_14)
FN:141,generateWeeklyBriefing
FNF:7
FNH:0
FNDA:0,parseJsonArrayFromAssistantText
FNDA:0,parseEmailToEvents
FNDA:0,(anonymous_11)
FNDA:0,parseImageOrPdfToEvents
FNDA:0,(anonymous_13)
FNDA:0,(anonymous_14)
FNDA:0,generateWeeklyBriefing
DA:1,3
DA:3,3
DA:8,3
DA:18,0
DA:19,0
DA:20,0
DA:21,0
DA:22,0
DA:23,0
DA:24,0
DA:25,0
DA:27,0
DA:31,0
DA:36,0
DA:42,0
DA:51,0
DA:52,0
DA:56,3
DA:67,0
DA:73,0
DA:75,0
DA:82,0
DA:86,0
DA:92,0
DA:94,0
DA:122,0
DA:136,0
DA:137,0
DA:138,0
DA:141,0
DA:146,0
DA:161,0
LF:32
LH:4
BRDA:22,0,0,0
BRDA:22,0,1,0
BRDA:25,1,0,0
BRDA:25,1,1,0
BRDA:51,2,0,0
BRDA:51,2,1,0
BRDA:73,3,0,0
BRDA:73,3,1,0
BRDA:94,4,0,0
BRDA:94,4,1,0
BRDA:137,5,0,0
BRDA:137,5,1,0
BRDA:161,6,0,0
BRDA:161,6,1,0
BRF:14
BRH:0
end_of_record
TN:
SF:src/lib/apiAuth.ts
FN:5,getAuthedUserIdFromRequest
FNF:1
FNH:1
FNDA:5,getAuthedUserIdFromRequest
DA:2,1
DA:5,5
DA:8,5
DA:9,5
DA:10,5
DA:11,5
DA:13,3
DA:14,3
DA:15,2
DA:16,1
DA:18,1
LF:11
LH:11
BRDA:8,0,0,5
BRDA:8,0,1,1
BRDA:11,1,0,2
BRDA:11,1,1,3
BRDA:15,2,0,1
BRDA:15,2,1,1
BRDA:15,3,0,2
BRDA:15,3,1,1
BRF:8
BRH:8
end_of_record
TN:
SF:src/lib/supabaseAdmin.ts
FNF:0
FNH:0
DA:1,1
DA:2,1
DA:4,1
DA:5,1
DA:7,1
DA:8,0
DA:13,1
LF:7
LH:6
BRDA:7,0,0,0
BRDA:7,0,1,1
BRDA:7,1,0,1
BRDA:7,1,1,1
BRF:4
BRH:3
end_of_record
TN:
SF:src/lib/briefing/parseSections.ts
FN:10,parseBriefingSections
FN:19,(anonymous_2)
FNF:2
FNH:2
FNDA:4,parseBriefingSections
FNDA:4,(anonymous_2)
DA:4,1
DA:10,4
DA:11,4
DA:12,4
DA:14,2
DA:15,2
DA:16,2
DA:17,2
DA:19,2
DA:20,4
DA:21,4
DA:22,4
DA:27,4
DA:30,2
DA:31,9
DA:32,9
DA:33,2
DA:34,2
DA:37,2
DA:38,2
DA:40,7
DA:43,2
DA:45,2
LF:23
LH:23
BRDA:12,0,0,2
BRDA:12,0,1,2
BRDA:21,1,0,4
BRDA:21,1,1,0
BRDA:21,2,0,4
BRDA:21,2,1,0
BRDA:23,3,0,4
BRDA:23,3,1,2
BRDA:24,4,0,4
BRDA:24,4,1,0
BRDA:32,5,0,2
BRDA:32,5,1,7
BRDA:38,6,0,0
BRDA:38,6,1,2
BRF:14
BRH:10
end_of_record
TN:
SF:src/lib/briefing/pickCurrentBriefing.ts
FN:5,pickCurrentBriefing
FN:11,(anonymous_3)
FNF:2
FNH:2
FNDA:3,pickCurrentBriefing
FNDA:3,(anonymous_3)
DA:1,1
DA:2,1
DA:5,3
DA:9,3
DA:10,2
DA:11,3
DA:12,2
LF:7
LH:7
BRDA:9,0,0,1
BRDA:9,0,1,2
BRDA:12,1,0,2
BRDA:12,1,1,1
BRDA:12,1,2,0
BRF:5
BRH:4
end_of_record
TN:
SF:src/lib/briefing/week.ts
FN:4,toIsoDateString
FN:11,parseIsoDate
FN:24,getWeekStart
FN:29,getWeekEnd
FN:34,getToday
FN:39,formatWeekOfLabel
FNF:6
FNH:6
FNDA:10,toIsoDateString
FNDA:12,parseIsoDate
FNDA:9,getWeekStart
FNDA:6,getWeekEnd
FNDA:3,getToday
FNDA:6,formatWeekOfLabel
DA:1,5
DA:4,10
DA:5,10
DA:11,13
DA:12,12
DA:13,12
DA:14,12
DA:16,0
DA:17,0
DA:18,0
DA:20,0
DA:24,8
DA:25,9
DA:29,5
DA:30,6
DA:34,4
DA:35,3
DA:39,5
DA:40,6
LF:19
LH:15
BRDA:13,0,0,12
BRDA:13,0,1,0
BRDA:17,1,0,0
BRDA:17,1,1,0
BRF:4
BRH:1
end_of_record
TN:
SF:src/services/briefingService.ts
FN:36,ensureBriefingForWeek
FN:51,(anonymous_10)
FN:77,syncBriefingsForDates
FN:97,getBriefingsForUser
FN:123,sendWeeklyBriefingsForActiveUsers
FN:134,(anonymous_14)
FN:146,(anonymous_15)
FN:188,(anonymous_16)
FNF:8
FNH:4
FNDA:0,ensureBriefingForWeek
FNDA:0,(anonymous_10)
FNDA:0,syncBriefingsForDates
FNDA:0,getBriefingsForUser
FNDA:3,sendWeeklyBriefingsForActiveUsers
FNDA:3,(anonymous_14)
FNDA:1,(anonymous_15)
FNDA:3,(anonymous_16)
DA:1,1
DA:2,1
DA:10,1
DA:11,1
DA:12,1
DA:13,1
DA:14,1
DA:19,0
DA:20,0
DA:21,0
DA:22,0
DA:36,0
DA:40,0
DA:41,0
DA:43,0
DA:44,0
DA:46,0
DA:51,0
DA:60,0
DA:66,0
DA:77,0
DA:81,0
DA:82,0
DA:83,0
DA:84,0
DA:85,0
DA:86,0
DA:87,0
DA:89,0
DA:97,0
DA:100,0
DA:101,0
DA:103,0
DA:104,0
DA:105,0
DA:106,0
DA:110,0
DA:120,0
DA:123,3
DA:124,3
DA:129,3
DA:130,0
DA:133,3
DA:135,3
DA:136,3
DA:138,3
DA:146,3
DA:153,1
DA:162,3
DA:168,3
DA:175,2
DA:176,2
DA:187,3
DA:188,3
LF:54
LH:22
BRDA:44,0,0,0
BRDA:44,0,1,0
BRDA:55,1,0,0
BRDA:55,1,1,0
BRDA:84,2,0,0
BRDA:84,2,1,0
BRDA:101,3,0,0
BRDA:101,3,1,0
BRDA:116,4,0,0
BRDA:116,4,1,0
BRDA:129,5,0,0
BRDA:129,5,1,3
BRDA:146,6,0,3
BRDA:146,6,1,0
BRDA:156,7,0,1
BRDA:156,7,1,0
BRDA:157,8,0,1
BRDA:157,8,1,0
BRDA:159,9,0,1
BRDA:159,9,1,0
BRF:20
BRH:5
end_of_record
TN:
SF:src/services/parseImageService.ts
FN:38,loadFamilyMembers
FN:54,insertCalendarImportEvents
FN:77,processParseImageUpload
FN:138,(anonymous_15)
FNF:4
FNH:4
FNDA:7,loadFamilyMembers
FNDA:3,insertCalendarImportEvents
FNDA:7,processParseImageUpload
FNDA:1,(anonymous_15)
DA:1,1
DA:2,1
DA:10,1
DA:14,1
DA:15,1
DA:20,1
DA:21,1
DA:22,5
DA:23,1
DA:24,4
DA:25,5
DA:26,6
DA:38,2
DA:41,7
DA:46,7
DA:47,2
DA:48,2
DA:51,5
DA:54,2
DA:57,3
DA:62,3
DA:63,1
DA:64,1
DA:67,2
DA:68,2
DA:72,1
DA:77,7
DA:81,7
DA:82,7
DA:83,1
DA:86,6
DA:87,6
DA:88,1
DA:96,5
DA:97,5
DA:98,1
DA:100,4
DA:103,4
DA:104,4
DA:105,4
DA:111,1
DA:112,1
DA:113,1
DA:121,3
DA:122,1
DA:125,2
DA:129,2
DA:130,1
DA:133,1
DA:134,1
DA:135,0
DA:138,1
DA:140,1
LF:53
LH:52
BRDA:46,0,0,2
BRDA:46,0,1,5
BRDA:51,1,0,5
BRDA:51,1,1,0
BRDA:62,2,0,1
BRDA:62,2,1,2
BRDA:67,3,0,2
BRDA:67,3,1,0
BRDA:82,4,0,1
BRDA:82,4,1,6
BRDA:87,5,0,1
BRDA:87,5,1,5
BRDA:97,6,0,1
BRDA:97,6,1,4
BRDA:121,7,0,1
BRDA:121,7,1,2
BRDA:121,8,0,3
BRDA:121,8,1,3
BRDA:129,9,0,1
BRDA:129,9,1,1
BRDA:134,10,0,0
BRDA:134,10,1,1
BRF:22
BRH:19
end_of_record
TN:
SF:src/services/userService.ts
FN:17,mapUserRow
FN:26,getUserProfile
FN:41,upsertUserProfileForUser
FNF:3
FNH:3
FNDA:2,mapUserRow
FNDA:3,getUserProfile
FNDA:2,upsertUserProfileForUser
DA:1,3
DA:18,2
DA:26,3
DA:27,3
DA:33,3
DA:34,1
DA:37,2
DA:38,1
DA:41,2
DA:45,2
DA:59,2
DA:60,1
DA:63,1
LF:13
LH:13
BRDA:21,0,0,2
BRDA:21,0,1,0
BRDA:22,1,0,2
BRDA:22,1,1,0
BRDA:33,2,0,1
BRDA:33,2,1,2
BRDA:37,3,0,1
BRDA:37,3,1,1
BRDA:59,4,0,1
BRDA:59,4,1,1
BRF:10
BRH:8
end_of_record
